<?xml version="1.0" encoding="UTF-8"?>
<Site BuildName="(empty)"
	BuildStamp="20260515-0544-Experimental"
	Name="(empty)"
	Generator="ctest-4.3.1"
	CompilerName=""
	CompilerVersion=""
	OSName="Windows"
	Hostname="jyk1701"
	OSRelease="10.0.26200"
	OSVersion="Windows 10"
	OSPlatform="AMD64"
	Is64Bits="1"
	VendorString=""
	VendorID="Unknown Manufacturer"
	FamilyID="0"
	ModelID="0"
	ModelName=""
	ProcessorCacheSize="0"
	NumberOfLogicalCPU="8"
	NumberOfPhysicalCPU="4"
	TotalVirtualMemory="12338"
	TotalPhysicalMemory="16060"
	LogicalProcessorsPerPhysical="2"
	ProcessorClockFrequency="2801.000000"
	>
	<Testing>
		<StartDateTime>May 15 14:51 [NON-UTF-8-BYTE-0xB4][NON-UTF-8-BYTE-0xEB][NON-UTF-8-BYTE-0xC7]ѹα[NON-UTF-8-BYTE-0xB9] ǥ[NON-UTF-8-BYTE-0xC1]ؽ[NON-UTF-8-BYTE-0xC3]</StartDateTime>
		<StartTestTime>1778824295</StartTestTime>
		<TestList>
			<Test>./ValidChannels/TunerValidChannelTest.testSetChForValidChannel/"99"</Test>
		</TestList>
		<Test Status="passed">
			<Name>ValidChannels/TunerValidChannelTest.testSetChForValidChannel/"99"</Name>
			<Path>.</Path>
			<FullName>./ValidChannels/TunerValidChannelTest.testSetChForValidChannel/"99"</FullName>
			<FullCommandLine>C:\DEV_BR\TDD_TV_06\build\TunerTest.exe "--gtest_filter=ValidChannels/TunerValidChannelTest.testSetChForValidChannel/4" "--gtest_also_run_disabled_tests"</FullCommandLine>
			<StartTestTime>1778824295.243855</StartTestTime>
			<Results>
				<NamedMeasurement type="numeric/double" name="Execution Time">
					<Value>0.030092</Value>
				</NamedMeasurement>
				<NamedMeasurement type="numeric/double" name="Processors">
					<Value>1</Value>
				</NamedMeasurement>
				<NamedMeasurement type="text/string" name="Completion Status">
					<Value>Completed</Value>
				</NamedMeasurement>
				<NamedMeasurement type="text/string" name="Command Line">
					<Value>C:\DEV_BR\TDD_TV_06\build\TunerTest.exe "--gtest_filter=ValidChannels/TunerValidChannelTest.testSetChForValidChannel/4" "--gtest_also_run_disabled_tests"</Value>
				</NamedMeasurement>
				<NamedMeasurement type="text/string" name="Environment">
					<Value>#CTEST_RESOURCE_GROUP_COUNT=</Value>
				</NamedMeasurement>
				<Measurement>
					<Value encoding="base64" compression="gzip">eJylUcFqg0AQve9XzDEeNCmUHgI5tJrmUEiLWi+uyEYnZmHdDbtr+/t1NYRYCAR8p5l9jzf7ZuJOSi4baBmXCw+OWrUQrmm0zcq3mKZRVKZZuXqhh46LmpY1ng1tlGoEWjTWN7q6aenQuqp0fkFVkb2yuIbdIIG0Z+DIhUUNG8iY4HV4YlKiMMu0k6hvn5w4cF4J2vD0ribk8pnkmysKiC8xnsAOM1yMS206bjEguX9FATuhDkyMPMofrpVsUfZatH53/ie+9XzgzySH+HsPA4rZIUcf+PyY7QWLFbTGm5Vt9ACrLBMeeWynFpn2a/Urpxe7dynQTAbTOf0Svl6TZBu5hY7agPwBakbpng==</Value>
				</Measurement>
			</Results>
		</Test>
		<EndDateTime>May 15 14:51 [NON-UTF-8-BYTE-0xB4][NON-UTF-8-BYTE-0xEB][NON-UTF-8-BYTE-0xC7]ѹα[NON-UTF-8-BYTE-0xB9] ǥ[NON-UTF-8-BYTE-0xC1]ؽ[NON-UTF-8-BYTE-0xC3]</EndDateTime>
		<EndTestTime>1778824295</EndTestTime>
		<ElapsedMinutes>0</ElapsedMinutes>
	</Testing>
</Site>
