TN:
SF:C:\DEV_BR\TDD_TV_06\include\TVController.h
FN:28,_ZN12TVController10setTunerChEv
FN:36,_ZN12TVControllerC1EP5Tuner
FN:37,_ZNK12TVController12getFavoritesEv
FN:39,_ZN12TVController10pushButtonE9remoteKey
FNDA:51,_ZN12TVController10pushButtonE9remoteKey
FNDA:16,_ZN12TVControllerC1EP5Tuner
FNDA:4,_ZNK12TVController12getFavoritesEv
FNDA:12,_ZN12TVController10setTunerChEv
FNF:4
FNH:4
DA:28,12
DA:31,12
DA:32,12
DA:33,12
DA:36,48
DA:37,4
DA:39,51
DA:40,51
DA:41,24
DA:51,24
DA:53,24
DA:54,10
DA:55,10
DA:56,10
DA:57,10
DA:59,24
DA:60,6
DA:61,6
DA:62,2
DA:63,2
DA:65,6
DA:66,2
DA:67,2
DA:68,2
DA:69,16
DA:70,16
DA:73,16
DA:75,32
DA:77,4
DA:80,14
DA:81,14
DA:83,16
DA:85,3
DA:87,3
DA:88,1
DA:91,2
DA:94,2
DA:97,4
DA:98,2
DA:102,1
DA:104,2
DA:107,51
LF:42
LH:42
end_of_record
TN:
SF:C:\DEV_BR\TDD_TV_06\include\Tuner.h
FN:15,_ZN5TunerD2Ev
FNDA:16,_ZN5TunerD2Ev
FNF:1
FNH:1
DA:15,16
LF:1
LH:1
end_of_record
TN:
SF:C:\DEV_BR\TDD_TV_06\include\remoteKey.h
FN:33,_Z9to_stringB5cxx119remoteKey
FNDA:24,_Z9to_stringB5cxx119remoteKey
FNF:1
FNH:1
DA:33,24
DA:34,24
DA:35,2
DA:36,4
DA:37,6
DA:38,12
DA:39,4
DA:40,8
DA:41,2
DA:42,4
DA:43,4
DA:44,8
DA:45,2
DA:46,4
DA:47,2
DA:48,4
DA:49,2
DA:50,4
DA:51,0
DA:52,0
DA:53,0
DA:54,0
DA:55,0
DA:56,0
DA:57,0
DA:58,0
DA:59,0
DA:60,0
DA:61,0
DA:62,0
DA:64,0
LF:31
LH:18
end_of_record
TN:
SF:C:\DEV_BR\TDD_TV_06\test\FavoriteChannelTest.cpp
FN:11,_ZN15FakeTunerForFav5setCHERKNSt7__cxx1112basic_stringIcSt11char_traitsIcESaIcEEE
FN:15,_ZN15FakeTunerForFav12getCurrentCHB5cxx11Ev
FN:19,_ZN15FakeTunerForFav6seekCHB5cxx11Ev
FN:27,_ZN19FavoriteChannelTest5SetUpEv
FN:29,_ZN19FavoriteChannelTest8TearDownEv
FN:34,_ZN58FavoriteChannelTest_S2_1_AddCurrentChannelToFavorites_TestD0Ev
FN:34,_ZN58FavoriteChannelTest_S2_1_AddCurrentChannelToFavorites_TestC1Ev
FN:34,_ZN58FavoriteChannelTest_S2_1_AddCurrentChannelToFavorites_TestD1Ev
FN:34,_ZN58FavoriteChannelTest_S2_1_AddCurrentChannelToFavorites_Test8TestBodyEv
FN:43,_ZN59FavoriteChannelTest_S2_2_ToggleFavoriteRemoveIfExisted_TestD1Ev
FN:43,_ZN59FavoriteChannelTest_S2_2_ToggleFavoriteRemoveIfExisted_TestC1Ev
FN:43,_ZN59FavoriteChannelTest_S2_2_ToggleFavoriteRemoveIfExisted_Test8TestBodyEv
FN:43,_ZN59FavoriteChannelTest_S2_2_ToggleFavoriteRemoveIfExisted_TestD0Ev
FN:52,_ZN49FavoriteChannelTest_S2_3_ComplexSequenceTest_Test8TestBodyEv
FN:52,_ZN49FavoriteChannelTest_S2_3_ComplexSequenceTest_TestC1Ev
FN:52,_ZN49FavoriteChannelTest_S2_3_ComplexSequenceTest_TestD0Ev
FN:52,_ZN49FavoriteChannelTest_S2_3_ComplexSequenceTest_TestD1Ev
FN:74,_ZN56FavoriteChannelTest_S3_1_NextFavoriteChannel_Normal_Test8TestBodyEv
FN:74,_ZN56FavoriteChannelTest_S3_1_NextFavoriteChannel_Normal_TestD0Ev
FN:74,_ZN56FavoriteChannelTest_S3_1_NextFavoriteChannel_Normal_TestC1Ev
FN:74,_ZN56FavoriteChannelTest_S3_1_NextFavoriteChannel_Normal_TestD1Ev
FN:95,_ZN60FavoriteChannelTest_S3_3_NextFavoriteChannel_WrapAround_TestD1Ev
FN:95,_ZN60FavoriteChannelTest_S3_3_NextFavoriteChannel_WrapAround_TestC1Ev
FN:95,_ZN60FavoriteChannelTest_S3_3_NextFavoriteChannel_WrapAround_Test8TestBodyEv
FN:95,_ZN60FavoriteChannelTest_S3_3_NextFavoriteChannel_WrapAround_TestD0Ev
FN:115,_ZN65FavoriteChannelTest_S3_4_NextFavoriteChannel_WhenListIsEmpty_TestD0Ev
FN:115,_ZN65FavoriteChannelTest_S3_4_NextFavoriteChannel_WhenListIsEmpty_TestD1Ev
FN:115,_ZN65FavoriteChannelTest_S3_4_NextFavoriteChannel_WhenListIsEmpty_TestC1Ev
FN:115,_ZN65FavoriteChannelTest_S3_4_NextFavoriteChannel_WhenListIsEmpty_Test8TestBodyEv
FNDA:1,_ZN59FavoriteChannelTest_S2_2_ToggleFavoriteRemoveIfExisted_TestD1Ev
FNDA:1,_ZN56FavoriteChannelTest_S3_1_NextFavoriteChannel_Normal_TestD0Ev
FNDA:6,_ZN19FavoriteChannelTest5SetUpEv
FNDA:1,_ZN59FavoriteChannelTest_S2_2_ToggleFavoriteRemoveIfExisted_TestC1Ev
FNDA:1,_ZN58FavoriteChannelTest_S2_1_AddCurrentChannelToFavorites_Test8TestBodyEv
FNDA:1,_ZN58FavoriteChannelTest_S2_1_AddCurrentChannelToFavorites_TestD1Ev
FNDA:1,_ZN56FavoriteChannelTest_S3_1_NextFavoriteChannel_Normal_TestC1Ev
FNDA:1,_ZN65FavoriteChannelTest_S3_4_NextFavoriteChannel_WhenListIsEmpty_TestD1Ev
FNDA:0,_ZN15FakeTunerForFav6seekCHB5cxx11Ev
FNDA:1,_ZN65FavoriteChannelTest_S3_4_NextFavoriteChannel_WhenListIsEmpty_TestC1Ev
FNDA:1,_ZN59FavoriteChannelTest_S2_2_ToggleFavoriteRemoveIfExisted_Test8TestBodyEv
FNDA:1,_ZN60FavoriteChannelTest_S3_3_NextFavoriteChannel_WrapAround_TestD0Ev
FNDA:1,_ZN56FavoriteChannelTest_S3_1_NextFavoriteChannel_Normal_TestD1Ev
FNDA:2,_ZN15FakeTunerForFav5setCHERKNSt7__cxx1112basic_stringIcSt11char_traitsIcESaIcEEE
FNDA:1,_ZN65FavoriteChannelTest_S3_4_NextFavoriteChannel_WhenListIsEmpty_Test8TestBodyEv
FNDA:1,_ZN59FavoriteChannelTest_S2_2_ToggleFavoriteRemoveIfExisted_TestD0Ev
FNDA:1,_ZN60FavoriteChannelTest_S3_3_NextFavoriteChannel_WrapAround_TestC1Ev
FNDA:1,_ZN60FavoriteChannelTest_S3_3_NextFavoriteChannel_WrapAround_TestD1Ev
FNDA:1,_ZN49FavoriteChannelTest_S2_3_ComplexSequenceTest_Test8TestBodyEv
FNDA:18,_ZN15FakeTunerForFav12getCurrentCHB5cxx11Ev
FNDA:1,_ZN56FavoriteChannelTest_S3_1_NextFavoriteChannel_Normal_Test8TestBodyEv
FNDA:1,_ZN58FavoriteChannelTest_S2_1_AddCurrentChannelToFavorites_TestD0Ev
FNDA:1,_ZN49FavoriteChannelTest_S2_3_ComplexSequenceTest_TestC1Ev
FNDA:1,_ZN58FavoriteChannelTest_S2_1_AddCurrentChannelToFavorites_TestC1Ev
FNDA:6,_ZN19FavoriteChannelTest8TearDownEv
FNDA:1,_ZN60FavoriteChannelTest_S3_3_NextFavoriteChannel_WrapAround_Test8TestBodyEv
FNDA:1,_ZN65FavoriteChannelTest_S3_4_NextFavoriteChannel_WhenListIsEmpty_TestD0Ev
FNDA:1,_ZN49FavoriteChannelTest_S2_3_ComplexSequenceTest_TestD1Ev
FNDA:1,_ZN49FavoriteChannelTest_S2_3_ComplexSequenceTest_TestD0Ev
FNF:29
FNH:28
DA:11,2
DA:12,2
DA:13,2
DA:15,18
DA:16,18
DA:19,0
DA:27,6
DA:29,6
DA:34,4
DA:35,1
DA:36,1
DA:38,1
DA:39,1
DA:40,1
DA:41,1
DA:43,4
DA:44,1
DA:45,1
DA:46,1
DA:48,1
DA:49,1
DA:52,4
DA:54,1
DA:55,1
DA:56,1
DA:57,1
DA:58,1
DA:59,1
DA:60,1
DA:61,1
DA:62,1
DA:63,1
DA:65,1
DA:66,1
DA:67,1
DA:68,1
DA:69,1
DA:70,1
DA:74,4
DA:76,1
DA:77,1
DA:78,1
DA:79,1
DA:80,1
DA:81,1
DA:82,1
DA:83,1
DA:86,1
DA:89,1
DA:92,1
DA:93,1
DA:95,4
DA:96,1
DA:97,1
DA:98,1
DA:99,1
DA:100,1
DA:101,1
DA:102,1
DA:103,1
DA:106,1
DA:109,1
DA:112,1
DA:113,1
DA:115,4
DA:117,1
DA:120,1
DA:123,1
DA:124,1
LF:69
LH:68
end_of_record
TN:
SF:C:\DEV_BR\TDD_TV_06\test\TVControllerTest.cpp
FN:8,_ZN22MockTunerForController6seekCHB5cxx11Ev
FN:9,_ZN22MockTunerForController11gmock_setCHERKN7testing7MatcherIRKNSt7__cxx1112basic_stringIcSt11char_traitsIcESaIcEEEEE
FN:9,_ZN22MockTunerForController5setCHERKNSt7__cxx1112basic_stringIcSt11char_traitsIcESaIcEEE
FN:10,_ZN22MockTunerForController12getCurrentCHB5cxx11Ev
FN:13,_ZN60TVControllerTest_Press1AndConfirmShouldChangeToChannel1_TestC1Ev
FN:13,_ZN60TVControllerTest_Press1AndConfirmShouldChangeToChannel1_TestD0Ev
FN:13,_ZN60TVControllerTest_Press1AndConfirmShouldChangeToChannel1_Test8TestBodyEv
FN:13,_ZN60TVControllerTest_Press1AndConfirmShouldChangeToChannel1_TestD1Ev
FN:24,_ZN70TVControllerTest_PressMultipleDigitsAndConfirmShouldChangeChannel_TestD0Ev
FN:24,_ZN70TVControllerTest_PressMultipleDigitsAndConfirmShouldChangeChannel_Test8TestBodyEv
FN:24,_ZN70TVControllerTest_PressMultipleDigitsAndConfirmShouldChangeChannel_TestD1Ev
FN:24,_ZN70TVControllerTest_PressMultipleDigitsAndConfirmShouldChangeChannel_TestC1Ev
FN:36,_ZN42TVControllerTest_S1_3_ContinuousInput_TestC1Ev
FN:36,_ZN42TVControllerTest_S1_3_ContinuousInput_TestD1Ev
FN:36,_ZN42TVControllerTest_S1_3_ContinuousInput_TestD0Ev
FN:36,_ZN42TVControllerTest_S1_3_ContinuousInput_Test8TestBodyEv
FN:52,_ZN65TVControllerTest_S1_4_InvalidateOnlyLastDigitAfterAutoChange_Test8TestBodyEv
FN:52,_ZN65TVControllerTest_S1_4_InvalidateOnlyLastDigitAfterAutoChange_TestC1Ev
FN:52,_ZN65TVControllerTest_S1_4_InvalidateOnlyLastDigitAfterAutoChange_TestD1Ev
FN:52,_ZN65TVControllerTest_S1_4_InvalidateOnlyLastDigitAfterAutoChange_TestD0Ev
FN:71,_ZN53TVControllerTest_S1_5_LeadingZeroShouldBeRemoved_Test8TestBodyEv
FN:71,_ZN53TVControllerTest_S1_5_LeadingZeroShouldBeRemoved_TestD1Ev
FN:71,_ZN53TVControllerTest_S1_5_LeadingZeroShouldBeRemoved_TestC1Ev
FN:71,_ZN53TVControllerTest_S1_5_LeadingZeroShouldBeRemoved_TestD0Ev
FNDA:2,_ZN60TVControllerTest_Press1AndConfirmShouldChangeToChannel1_TestD1Ev
FNDA:2,_ZN70TVControllerTest_PressMultipleDigitsAndConfirmShouldChangeChannel_TestD1Ev
FNDA:2,_ZN42TVControllerTest_S1_3_ContinuousInput_Test8TestBodyEv
FNDA:2,_ZN70TVControllerTest_PressMultipleDigitsAndConfirmShouldChangeChannel_TestD0Ev
FNDA:2,_ZN70TVControllerTest_PressMultipleDigitsAndConfirmShouldChangeChannel_Test8TestBodyEv
FNDA:2,_ZN65TVControllerTest_S1_4_InvalidateOnlyLastDigitAfterAutoChange_TestD1Ev
FNDA:2,_ZN53TVControllerTest_S1_5_LeadingZeroShouldBeRemoved_TestC1Ev
FNDA:2,_ZN53TVControllerTest_S1_5_LeadingZeroShouldBeRemoved_TestD1Ev
FNDA:2,_ZN70TVControllerTest_PressMultipleDigitsAndConfirmShouldChangeChannel_TestC1Ev
FNDA:2,_ZN53TVControllerTest_S1_5_LeadingZeroShouldBeRemoved_TestD0Ev
FNDA:0,_ZN22MockTunerForController6seekCHB5cxx11Ev
FNDA:2,_ZN65TVControllerTest_S1_4_InvalidateOnlyLastDigitAfterAutoChange_TestD0Ev
FNDA:0,_ZN22MockTunerForController12getCurrentCHB5cxx11Ev
FNDA:2,_ZN65TVControllerTest_S1_4_InvalidateOnlyLastDigitAfterAutoChange_Test8TestBodyEv
FNDA:12,_ZN22MockTunerForController5setCHERKNSt7__cxx1112basic_stringIcSt11char_traitsIcESaIcEEE
FNDA:14,_ZN22MockTunerForController11gmock_setCHERKN7testing7MatcherIRKNSt7__cxx1112basic_stringIcSt11char_traitsIcESaIcEEEEE
FNDA:2,_ZN53TVControllerTest_S1_5_LeadingZeroShouldBeRemoved_Test8TestBodyEv
FNDA:2,_ZN65TVControllerTest_S1_4_InvalidateOnlyLastDigitAfterAutoChange_TestC1Ev
FNDA:2,_ZN42TVControllerTest_S1_3_ContinuousInput_TestD0Ev
FNDA:2,_ZN60TVControllerTest_Press1AndConfirmShouldChangeToChannel1_TestD0Ev
FNDA:2,_ZN60TVControllerTest_Press1AndConfirmShouldChangeToChannel1_Test8TestBodyEv
FNDA:2,_ZN60TVControllerTest_Press1AndConfirmShouldChangeToChannel1_TestC1Ev
FNDA:2,_ZN42TVControllerTest_S1_3_ContinuousInput_TestC1Ev
FNDA:2,_ZN42TVControllerTest_S1_3_ContinuousInput_TestD1Ev
FNF:24
FNH:22
DA:8,0
DA:9,38
DA:10,0
DA:13,8
DA:14,2
DA:16,2
DA:18,2
DA:20,2
DA:21,2
DA:22,2
DA:24,8
DA:25,2
DA:27,2
DA:29,2
DA:31,2
DA:32,2
DA:33,2
DA:34,2
DA:36,8
DA:37,2
DA:40,2
DA:41,2
DA:43,2
DA:45,2
DA:46,2
DA:48,2
DA:49,2
DA:50,2
DA:52,8
DA:53,2
DA:55,2
DA:56,2
DA:58,2
DA:61,2
DA:62,2
DA:64,2
DA:65,2
DA:68,2
DA:69,2
DA:71,8
DA:72,2
DA:75,2
DA:77,2
DA:80,2
DA:81,2
DA:82,2
LF:46
LH:44
end_of_record
TN:
SF:C:\DEV_BR\TDD_TV_06\test\TunerTest.cpp
FN:16,_ZN21FakeTunerForTunerTest5setCHERKNSt7__cxx1112basic_stringIcSt11char_traitsIcESaIcEEE
FN:26,_ZN21FakeTunerForTunerTest12getCurrentCHB5cxx11Ev
FN:30,_ZN21FakeTunerForTunerTest6seekCHB5cxx11Ev
FN:45,_ZN30TunerFakeTest_initChannel_TestD0Ev
FN:45,_ZN30TunerFakeTest_initChannel_Test8TestBodyEv
FN:45,_ZN30TunerFakeTest_initChannel_TestC1Ev
FN:45,_ZN30TunerFakeTest_initChannel_TestD1Ev
FN:52,_ZN43TunerFakeTest_testSetChForValidChannel_TestD1Ev
FN:52,_ZN43TunerFakeTest_testSetChForValidChannel_TestD0Ev
FN:52,_ZN43TunerFakeTest_testSetChForValidChannel_Test8TestBodyEv
FN:52,_ZN43TunerFakeTest_testSetChForValidChannel_TestC1Ev
FN:63,_ZN45TunerFakeTest_testSetChForInvalidChannel_Test8TestBodyEv
FN:63,_ZN45TunerFakeTest_testSetChForInvalidChannel_TestD1Ev
FN:63,_ZN45TunerFakeTest_testSetChForInvalidChannel_TestD0Ev
FN:63,_ZN45TunerFakeTest_testSetChForInvalidChannel_TestC1Ev
FN:73,_ZN36TunerFakeTest_testSeekCh10times_TestD0Ev
FN:73,_ZN36TunerFakeTest_testSeekCh10times_TestD1Ev
FN:73,_ZN36TunerFakeTest_testSeekCh10times_TestC1Ev
FN:73,_ZN36TunerFakeTest_testSeekCh10times_Test8TestBodyEv
FN:89,_ZN46TunerFakeTest_testSeekCh10timesAfterSetCH_TestD1Ev
FN:89,_ZN46TunerFakeTest_testSeekCh10timesAfterSetCH_TestD0Ev
FN:89,_ZN46TunerFakeTest_testSeekCh10timesAfterSetCH_TestC1Ev
FN:89,_ZN46TunerFakeTest_testSeekCh10timesAfterSetCH_Test8TestBodyEv
FNDA:0,_ZN43TunerFakeTest_testSetChForValidChannel_TestC1Ev
FNDA:0,_ZN45TunerFakeTest_testSetChForInvalidChannel_TestD0Ev
FNDA:0,_ZN36TunerFakeTest_testSeekCh10times_Test8TestBodyEv
FNDA:0,_ZN45TunerFakeTest_testSetChForInvalidChannel_TestC1Ev
FNDA:0,_ZN30TunerFakeTest_initChannel_TestC1Ev
FNDA:0,_ZN21FakeTunerForTunerTest12getCurrentCHB5cxx11Ev
FNDA:0,_ZN30TunerFakeTest_initChannel_TestD1Ev
FNDA:0,_ZN46TunerFakeTest_testSeekCh10timesAfterSetCH_Test8TestBodyEv
FNDA:0,_ZN43TunerFakeTest_testSetChForValidChannel_TestD1Ev
FNDA:0,_ZN36TunerFakeTest_testSeekCh10times_TestD0Ev
FNDA:0,_ZN43TunerFakeTest_testSetChForValidChannel_TestD0Ev
FNDA:0,_ZN36TunerFakeTest_testSeekCh10times_TestD1Ev
FNDA:0,_ZN43TunerFakeTest_testSetChForValidChannel_Test8TestBodyEv
FNDA:0,_ZN46TunerFakeTest_testSeekCh10timesAfterSetCH_TestD1Ev
FNDA:0,_ZN45TunerFakeTest_testSetChForInvalidChannel_Test8TestBodyEv
FNDA:0,_ZN30TunerFakeTest_initChannel_Test8TestBodyEv
FNDA:0,_ZN46TunerFakeTest_testSeekCh10timesAfterSetCH_TestC1Ev
FNDA:0,_ZN45TunerFakeTest_testSetChForInvalidChannel_TestD1Ev
FNDA:0,_ZN46TunerFakeTest_testSeekCh10timesAfterSetCH_TestD0Ev
FNDA:0,_ZN30TunerFakeTest_initChannel_TestD0Ev
FNDA:0,_ZN21FakeTunerForTunerTest6seekCHB5cxx11Ev
FNDA:0,_ZN21FakeTunerForTunerTest5setCHERKNSt7__cxx1112basic_stringIcSt11char_traitsIcESaIcEEE
FNDA:0,_ZN36TunerFakeTest_testSeekCh10times_TestC1Ev
FNF:23
FNH:0
DA:16,0
DA:17,0
DA:20,0
DA:21,0
DA:23,0
DA:24,0
DA:26,0
DA:30,0
DA:31,0
DA:32,0
DA:45,0
DA:46,0
DA:47,0
DA:48,0
DA:49,0
DA:52,0
DA:53,0
DA:55,0
DA:56,0
DA:57,0
DA:59,0
DA:63,0
DA:64,0
DA:66,0
DA:68,0
DA:70,0
DA:73,0
DA:74,0
DA:76,0
DA:77,0
DA:78,0
DA:81,0
DA:82,0
DA:83,0
DA:85,0
DA:86,0
DA:89,0
DA:90,0
DA:92,0
DA:93,0
DA:94,0
DA:95,0
DA:97,0
DA:98,0
DA:99,0
DA:100,0
DA:101,0
LF:47
LH:0
end_of_record
TN:
SF:C:\mingw64\include\c++\15.2.0\array
FN:216,_ZNKSt5arrayIcLy256EEixEy
FNDA:0,_ZNKSt5arrayIcLy256EEixEy
FNF:1
FNH:0
DA:195,0
DA:216,0
DA:219,0
DA:221,0
LF:4
LH:0
end_of_record
TN:
SF:C:\mingw64\include\c++\15.2.0\atomic
FN:843,_ZNSt6atomicIiEC1Ei
FNDA:14,_ZNSt6atomicIiEC1Ei
FNF:1
FNH:1
DA:843,14
LF:1
LH:1
end_of_record
TN:
SF:C:\mingw64\include\c++\15.2.0\bit
FN:203,_ZSt13__countl_zeroIyEiT_
FN:385,_ZSt11__bit_widthIyEiT_
FNDA:14,_ZSt13__countl_zeroIyEiT_
FNDA:14,_ZSt11__bit_widthIyEiT_
FNF:2
FNH:2
DA:203,14
DA:206,14
DA:209,14
DA:385,14
DA:387,14
DA:388,14
LF:6
LH:6
end_of_record
TN:
SF:C:\mingw64\include\c++\15.2.0\bits\alloc_traits.h
FNF:0
FNH:0
DA:614,1671
DA:649,1760
DA:674,379
DA:680,350
DA:700,90
DA:712,59959
DA:726,336
DA:850,0
DA:871,43
DA:885,96
DA:1045,456
DA:1046,456
LF:12
LH:11
end_of_record
TN:
SF:C:\mingw64\include\c++\15.2.0\bits\allocated_ptr.h
FN:53,_ZNSt15__allocated_ptrISaISt10_List_nodeISt4pairIcPKcEEEEC1ERS6_PS5_
FN:66,_ZNSt15__allocated_ptrISaISt10_List_nodeISt4pairIcPKcEEEEC2EOS7_
FN:71,_ZNSt15__allocated_ptrISaISt10_List_nodeISt4pairIcPKcEEEED1Ev
FN:71,_ZNSt15__allocated_ptrISaISt10_List_nodeISt4pairIcPKcEEEED2Ev
FN:85,_ZNKSt15__allocated_ptrISaISt10_List_nodeISt4pairIcPKcEEEEcvbEv
FN:88,_ZNKSt15__allocated_ptrISaISt10_List_nodeISt4pairIcPKcEEEE3getEv
FN:90,_ZNSt15__allocated_ptrISaISt10_List_nodeISt4pairIcPKcEEEE7releaseEv
FN:100,_ZSt18__allocate_guardedISaISt10_List_nodeISt4pairIcPKcEEEESt15__allocated_ptrIT_ERS8_
FN:114,_ZNSt15__allocated_objISaISt10_List_nodeISt4pairIcPKcEEEEC1EOSt15__allocated_ptrIS6_E
FN:119,_ZNSt15__allocated_objISaISt10_List_nodeISt4pairIcPKcEEEED1Ev
FN:128,_ZNKSt15__allocated_objISaISt10_List_nodeISt4pairIcPKcEEEEptEv
FN:134,_ZSt22__allocate_guarded_objISaISt10_List_nodeISt4pairIcPKcEEEESt15__allocated_objIT_ERS8_
FNDA:0,_ZNKSt15__allocated_objISaISt10_List_nodeISt4pairIcPKcEEEEptEv
FNDA:0,_ZNSt15__allocated_ptrISaISt10_List_nodeISt4pairIcPKcEEEEC2EOS7_
FNDA:0,_ZNSt15__allocated_objISaISt10_List_nodeISt4pairIcPKcEEEEC1EOSt15__allocated_ptrIS6_E
FNDA:0,_ZNSt15__allocated_ptrISaISt10_List_nodeISt4pairIcPKcEEEE7releaseEv
FNDA:0,_ZNSt15__allocated_ptrISaISt10_List_nodeISt4pairIcPKcEEEED2Ev
FNDA:0,_ZNKSt15__allocated_ptrISaISt10_List_nodeISt4pairIcPKcEEEEcvbEv
FNDA:0,_ZNSt15__allocated_objISaISt10_List_nodeISt4pairIcPKcEEEED1Ev
FNDA:0,_ZSt18__allocate_guardedISaISt10_List_nodeISt4pairIcPKcEEEESt15__allocated_ptrIT_ERS8_
FNDA:0,_ZNKSt15__allocated_ptrISaISt10_List_nodeISt4pairIcPKcEEEE3getEv
FNDA:0,_ZNSt15__allocated_ptrISaISt10_List_nodeISt4pairIcPKcEEEED1Ev
FNDA:0,_ZSt22__allocate_guarded_objISaISt10_List_nodeISt4pairIcPKcEEEESt15__allocated_objIT_ERS8_
FNDA:0,_ZNSt15__allocated_ptrISaISt10_List_nodeISt4pairIcPKcEEEEC1ERS6_PS5_
FNF:12
FNH:0
DA:53,0
DA:54,0
DA:55,0
DA:66,0
DA:67,0
DA:68,0
DA:71,0
DA:73,0
DA:74,0
DA:75,0
DA:85,0
DA:88,0
DA:90,0
DA:100,0
DA:102,0
DA:114,0
DA:115,0
DA:116,0
DA:119,0
DA:121,0
DA:122,0
DA:123,0
DA:128,0
DA:134,0
DA:136,0
LF:25
LH:0
end_of_record
TN:
SF:C:\mingw64\include\c++\15.2.0\bits\allocator.h
FNF:0
FNH:0
DA:168,3466
DA:173,4910
DA:183,9
DA:189,3472
DA:222,96
DA:228,0
LF:6
LH:5
end_of_record
TN:
SF:C:\mingw64\include\c++\15.2.0\bits\atomic_base.h
FN:358,_ZNSt13__atomic_baseIiEC2Ei
FNDA:14,_ZNSt13__atomic_baseIiEC2Ei
FNF:1
FNH:1
DA:358,14
DA:631,42
DA:641,56
LF:3
LH:3
end_of_record
TN:
SF:C:\mingw64\include\c++\15.2.0\bits\basic_string.h
FN:140,_ZNSt7__cxx1112basic_stringIcSt11char_traitsIcESaIcEE11_S_allocateERS3_y
FN:140,_ZNSt7__cxx1112basic_stringIwSt11char_traitsIwESaIwEE11_S_allocateERS3_y
FN:169,_ZNSt7__cxx1112basic_stringIcSt11char_traitsIcESaIcEE17_S_to_string_viewESt17basic_string_viewIcS2_E
FN:179,_ZNSt7__cxx1112basic_stringIcSt11char_traitsIcESaIcEE12__sv_wrapperC1ESt17basic_string_viewIcS2_E
FN:192,_ZNSt7__cxx1112basic_stringIcSt11char_traitsIcESaIcEEC1ENS4_12__sv_wrapperERKS3_
FN:204,_ZNSt7__cxx1112basic_stringIcSt11char_traitsIcESaIcEE12_Alloc_hiderC1EPcRKS3_
FN:204,_ZNSt7__cxx1112basic_stringIwSt11char_traitsIwESaIwEE12_Alloc_hiderC1EPwRKS3_
FN:208,_ZNSt7__cxx1112basic_stringIcSt11char_traitsIcESaIcEE12_Alloc_hiderC1EPcOS3_
FN:228,_ZNSt7__cxx1112basic_stringIwSt11char_traitsIwESaIwEE7_M_dataEPw
FN:228,_ZNSt7__cxx1112basic_stringIcSt11char_traitsIcESaIcEE7_M_dataEPc
FN:233,_ZNSt7__cxx1112basic_stringIwSt11char_traitsIwESaIwEE9_M_lengthEy
FN:233,_ZNSt7__cxx1112basic_stringIcSt11char_traitsIcESaIcEE9_M_lengthEy
FN:238,_ZNKSt7__cxx1112basic_stringIDsSt11char_traitsIDsESaIDsEE7_M_dataEv
FN:238,_ZNKSt7__cxx1112basic_stringIcSt11char_traitsIcESaIcEE7_M_dataEv
FN:238,_ZNKSt7__cxx1112basic_stringIDiSt11char_traitsIDiESaIDiEE7_M_dataEv
FN:238,_ZNKSt7__cxx1112basic_stringIwSt11char_traitsIwESaIwEE7_M_dataEv
FN:243,_ZNSt7__cxx1112basic_stringIcSt11char_traitsIcESaIcEE13_M_local_dataEv
FN:243,_ZNSt7__cxx1112basic_stringIwSt11char_traitsIwESaIwEE13_M_local_dataEv
FN:254,_ZNKSt7__cxx1112basic_stringIwSt11char_traitsIwESaIwEE13_M_local_dataEv
FN:254,_ZNKSt7__cxx1112basic_stringIcSt11char_traitsIcESaIcEE13_M_local_dataEv
FN:265,_ZNSt7__cxx1112basic_stringIwSt11char_traitsIwESaIwEE11_M_capacityEy
FN:265,_ZNSt7__cxx1112basic_stringIcSt11char_traitsIcESaIcEE11_M_capacityEy
FN:270,_ZNSt7__cxx1112basic_stringIcSt11char_traitsIcESaIcEE13_M_set_lengthEy
FN:270,_ZNSt7__cxx1112basic_stringIwSt11char_traitsIwESaIwEE13_M_set_lengthEy
FN:278,_ZNKSt7__cxx1112basic_stringIcSt11char_traitsIcESaIcEE11_M_is_localEv
FN:278,_ZNKSt7__cxx1112basic_stringIwSt11char_traitsIwESaIwEE11_M_is_localEv
FN:296,_ZNSt7__cxx1112basic_stringIwSt11char_traitsIwESaIwEE10_M_disposeEv
FN:296,_ZNSt7__cxx1112basic_stringIcSt11char_traitsIcESaIcEE10_M_disposeEv
FN:304,_ZNSt7__cxx1112basic_stringIcSt11char_traitsIcESaIcEE10_M_destroyEy
FN:304,_ZNSt7__cxx1112basic_stringIwSt11char_traitsIwESaIwEE10_M_destroyEy
FN:359,_ZNSt7__cxx1112basic_stringIwSt11char_traitsIwESaIwEE16_M_get_allocatorEv
FN:359,_ZNSt7__cxx1112basic_stringIcSt11char_traitsIcESaIcEE16_M_get_allocatorEv
FN:364,_ZNKSt7__cxx1112basic_stringIDiSt11char_traitsIDiESaIDiEE16_M_get_allocatorEv
FN:364,_ZNKSt7__cxx1112basic_stringIcSt11char_traitsIcESaIcEE16_M_get_allocatorEv
FN:364,_ZNKSt7__cxx1112basic_stringIDsSt11char_traitsIDsESaIDsEE16_M_get_allocatorEv
FN:364,_ZNKSt7__cxx1112basic_stringIwSt11char_traitsIwESaIwEE16_M_get_allocatorEv
FN:409,_ZNKSt7__cxx1112basic_stringIcSt11char_traitsIcESaIcEE8_M_checkEyPKc
FN:420,_ZNKSt7__cxx1112basic_stringIcSt11char_traitsIcESaIcEE15_M_check_lengthEyyPKc
FN:430,_ZNKSt7__cxx1112basic_stringIcSt11char_traitsIcESaIcEE8_M_limitEyy
FN:438,_ZNKSt7__cxx1112basic_stringIcSt11char_traitsIcESaIcEE11_M_disjunctEPKc
FN:448,_ZNSt7__cxx1112basic_stringIcSt11char_traitsIcESaIcEE7_S_copyEPcPKcy
FN:448,_ZNSt7__cxx1112basic_stringIwSt11char_traitsIwESaIwEE7_S_copyEPwPKwy
FN:458,_ZNSt7__cxx1112basic_stringIcSt11char_traitsIcESaIcEE7_S_moveEPcPKcy
FN:468,_ZNSt7__cxx1112basic_stringIcSt11char_traitsIcESaIcEE9_S_assignEPcyc
FN:483,_ZNSt7__cxx1112basic_stringIcSt11char_traitsIcESaIcEE13_S_copy_charsIPKcEEvPcT_S9_
FN:483,_ZNSt7__cxx1112basic_stringIwSt11char_traitsIwESaIwEE13_S_copy_charsIPKwEEvPwT_S9_
FN:551,_ZNSt7__cxx1112basic_stringIcSt11char_traitsIcESaIcEE10_S_compareEyy
FN:585,_ZNSt7__cxx1112basic_stringIcSt11char_traitsIcESaIcEEC1Ev
FN:601,_ZNSt7__cxx1112basic_stringIcSt11char_traitsIcESaIcEEC1ERKS3_
FN:613,_ZNSt7__cxx1112basic_stringIcSt11char_traitsIcESaIcEEC1ERKS4_
FN:646,_ZNSt7__cxx1112basic_stringIcSt11char_traitsIcESaIcEEC1ERKS4_yy
FN:684,_ZNSt7__cxx1112basic_stringIcSt11char_traitsIcESaIcEEC1EPKcyRKS3_
FN:706,_ZNSt7__cxx1112basic_stringIwSt11char_traitsIwESaIwEEC1IS3_EEPKwRKS3_
FN:706,_ZNSt7__cxx1112basic_stringIcSt11char_traitsIcESaIcEEC1IS3_EEPKcRKS3_
FN:729,_ZNSt7__cxx1112basic_stringIcSt11char_traitsIcESaIcEEC1IS3_EEycRKS3_
FN:742,_ZNSt7__cxx1112basic_stringIcSt11char_traitsIcESaIcEEC1EOS4_
FN:852,_ZNSt7__cxx1112basic_stringIcSt11char_traitsIcESaIcEEC1IPKcvEET_S8_RKS3_
FN:887,_ZNSt7__cxx1112basic_stringIcSt11char_traitsIcESaIcEEC1ISt17basic_string_viewIcS2_EvEERKT_RKS3_
FN:895,_ZNSt7__cxx1112basic_stringIwSt11char_traitsIwESaIwEED1Ev
FN:895,_ZNSt7__cxx1112basic_stringIcSt11char_traitsIcESaIcEED1Ev
FN:904,_ZNSt7__cxx1112basic_stringIcSt11char_traitsIcESaIcEEaSERKS4_
FN:915,_ZNSt7__cxx1112basic_stringIcSt11char_traitsIcESaIcEEaSEPKc
FN:945,_ZNSt7__cxx1112basic_stringIcSt11char_traitsIcESaIcEEaSEOS4_
FN:1036,_ZNKSt7__cxx1112basic_stringIcSt11char_traitsIcESaIcEEcvSt17basic_string_viewIcS2_EEv
FN:1047,_ZNSt7__cxx1112basic_stringIcSt11char_traitsIcESaIcEE5beginEv
FN:1056,_ZNKSt7__cxx1112basic_stringIcSt11char_traitsIcESaIcEE5beginEv
FN:1065,_ZNSt7__cxx1112basic_stringIcSt11char_traitsIcESaIcEE3endEv
FN:1074,_ZNKSt7__cxx1112basic_stringIcSt11char_traitsIcESaIcEE3endEv
FN:1094,_ZNKSt7__cxx1112basic_stringIcSt11char_traitsIcESaIcEE6rbeginEv
FN:1124,_ZNKSt7__cxx1112basic_stringIcSt11char_traitsIcESaIcEE6cbeginEv
FN:1163,_ZNKSt7__cxx1112basic_stringIDiSt11char_traitsIDiESaIDiEE4sizeEv
FN:1163,_ZNKSt7__cxx1112basic_stringIDsSt11char_traitsIDsESaIDsEE4sizeEv
FN:1163,_ZNKSt7__cxx1112basic_stringIcSt11char_traitsIcESaIcEE4sizeEv
FN:1163,_ZNKSt7__cxx1112basic_stringIwSt11char_traitsIwESaIwEE4sizeEv
FN:1175,_ZNKSt7__cxx1112basic_stringIwSt11char_traitsIwESaIwEE6lengthEv
FN:1175,_ZNKSt7__cxx1112basic_stringIcSt11char_traitsIcESaIcEE6lengthEv
FN:1181,_ZNKSt7__cxx1112basic_stringIDiSt11char_traitsIDiESaIDiEE8max_sizeEv
FN:1181,_ZNKSt7__cxx1112basic_stringIDsSt11char_traitsIDsESaIDsEE8max_sizeEv
FN:1181,_ZNKSt7__cxx1112basic_stringIcSt11char_traitsIcESaIcEE8max_sizeEv
FN:1181,_ZNKSt7__cxx1112basic_stringIwSt11char_traitsIwESaIwEE8max_sizeEv
FN:1277,_ZNKSt7__cxx1112basic_stringIcSt11char_traitsIcESaIcEE8capacityEv
FN:1322,_ZNSt7__cxx1112basic_stringIcSt11char_traitsIcESaIcEE5clearEv
FN:1331,_ZNKSt7__cxx1112basic_stringIcSt11char_traitsIcESaIcEE5emptyEv
FN:1347,_ZNKSt7__cxx1112basic_stringIcSt11char_traitsIcESaIcEEixEy
FN:1365,_ZNSt7__cxx1112basic_stringIcSt11char_traitsIcESaIcEEixEy
FN:1426,_ZNSt7__cxx1112basic_stringIcSt11char_traitsIcESaIcEE5frontEv
FN:1450,_ZNSt7__cxx1112basic_stringIcSt11char_traitsIcESaIcEE4backEv
FN:1477,_ZNSt7__cxx1112basic_stringIcSt11char_traitsIcESaIcEEpLERKS4_
FN:1487,_ZNSt7__cxx1112basic_stringIcSt11char_traitsIcESaIcEEpLEPKc
FN:1497,_ZNSt7__cxx1112basic_stringIcSt11char_traitsIcESaIcEEpLEc
FN:1535,_ZNSt7__cxx1112basic_stringIcSt11char_traitsIcESaIcEE6appendERKS4_
FN:1566,_ZNSt7__cxx1112basic_stringIcSt11char_traitsIcESaIcEE6appendEPKcy
FN:1580,_ZNSt7__cxx1112basic_stringIcSt11char_traitsIcESaIcEE6appendEPKc
FN:1598,_ZNSt7__cxx1112basic_stringIcSt11char_traitsIcESaIcEE6appendEyc
FN:1724,_ZNSt7__cxx1112basic_stringIcSt11char_traitsIcESaIcEE9push_backEc
FN:1740,_ZNSt7__cxx1112basic_stringIcSt11char_traitsIcESaIcEE6assignERKS4_
FN:1844,_ZNSt7__cxx1112basic_stringIcSt11char_traitsIcESaIcEE6assignEPKc
FN:2148,_ZNSt7__cxx1112basic_stringIcSt11char_traitsIcESaIcEE6insertEyRKS4_
FN:2216,_ZNSt7__cxx1112basic_stringIcSt11char_traitsIcESaIcEE6insertEyPKc
FN:2323,_ZNSt7__cxx1112basic_stringIcSt11char_traitsIcESaIcEE5eraseEyy
FN:2343,_ZNSt7__cxx1112basic_stringIcSt11char_traitsIcESaIcEE5eraseEN9__gnu_cxx17__normal_iteratorIPKcS4_EE
FN:2363,_ZNSt7__cxx1112basic_stringIcSt11char_traitsIcESaIcEE5eraseEN9__gnu_cxx17__normal_iteratorIPKcS4_EES9_
FN:2458,_ZNSt7__cxx1112basic_stringIcSt11char_traitsIcESaIcEE7replaceEyyPKcy
FN:2509,_ZNSt7__cxx1112basic_stringIcSt11char_traitsIcESaIcEE7replaceEyyyc
FN:2873,_ZNKSt7__cxx1112basic_stringIcSt11char_traitsIcESaIcEE5c_strEv
FN:2873,_ZNKSt7__cxx1112basic_stringIwSt11char_traitsIwESaIwEE5c_strEv
FN:2886,_ZNKSt7__cxx1112basic_stringIcSt11char_traitsIcESaIcEE4dataEv
FN:2886,_ZNKSt7__cxx1112basic_stringIwSt11char_traitsIwESaIwEE4dataEv
FN:2886,_ZNKSt7__cxx1112basic_stringIDsSt11char_traitsIDsESaIDsEE4dataEv
FN:2886,_ZNKSt7__cxx1112basic_stringIDiSt11char_traitsIDiESaIDiEE4dataEv
FN:2907,_ZNKSt7__cxx1112basic_stringIcSt11char_traitsIcESaIcEE13get_allocatorEv
FN:2939,_ZNKSt7__cxx1112basic_stringIcSt11char_traitsIcESaIcEE4findERKS4_y
FN:2939,_ZNKSt7__cxx1112basic_stringIwSt11char_traitsIwESaIwEE4findERKS4_y
FN:2973,_ZNKSt7__cxx1112basic_stringIcSt11char_traitsIcESaIcEE4findEPKcy
FN:3441,_ZNKSt7__cxx1112basic_stringIcSt11char_traitsIcESaIcEE6substrEyy
FN:3461,_ZNKSt7__cxx1112basic_stringIcSt11char_traitsIcESaIcEE7compareERKS4_
FN:3661,_ZNKSt7__cxx1112basic_stringIcSt11char_traitsIcESaIcEE7compareEyyPKc
FN:3815,_ZSt12__str_concatINSt7__cxx1112basic_stringIcSt11char_traitsIcESaIcEEEET_PKNS6_10value_typeENS6_9size_typeES9_SA_RKNS6_14allocator_typeE
FN:3858,_ZStplIcSt11char_traitsIcESaIcEENSt7__cxx1112basic_stringIT_T0_T1_EEPKS5_RKS8_
FN:3894,_ZStplIcSt11char_traitsIcESaIcEENSt7__cxx1112basic_stringIT_T0_T1_EERKS8_PKS5_
FN:3912,_ZStplIcSt11char_traitsIcESaIcEENSt7__cxx1112basic_stringIT_T0_T1_EERKS8_S5_
FN:3924,_ZStplIcSt11char_traitsIcESaIcEENSt7__cxx1112basic_stringIT_T0_T1_EEOS8_RKS8_
FN:3938,_ZStplIcSt11char_traitsIcESaIcEENSt7__cxx1112basic_stringIT_T0_T1_EEOS8_S9_
FN:3961,_ZStplIcSt11char_traitsIcESaIcEENSt7__cxx1112basic_stringIT_T0_T1_EEPKS5_OS8_
FN:3975,_ZStplIcSt11char_traitsIcESaIcEENSt7__cxx1112basic_stringIT_T0_T1_EEOS8_PKS5_
FN:4045,_ZSteqIcSt11char_traitsIcESaIcEEbRKNSt7__cxx1112basic_stringIT_T0_T1_EESA_
FN:4062,_ZSteqIcSt11char_traitsIcESaIcEEbRKNSt7__cxx1112basic_stringIT_T0_T1_EEPKS5_
FN:4109,_ZSteqIcSt11char_traitsIcESaIcEEbPKT_RKNSt7__cxx1112basic_stringIS3_T0_T1_EE
FN:4150,_ZStneIcSt11char_traitsIcESaIcEEbRKNSt7__cxx1112basic_stringIT_T0_T1_EEPKS5_
FN:4164,_ZStltIcSt11char_traitsIcESaIcEEbRKNSt7__cxx1112basic_stringIT_T0_T1_EESA_
FN:4329,_ZSt4swapIcSt11char_traitsIcESaIcEEvRNSt7__cxx1112basic_stringIT_T0_T1_EES9_
FN:4454,_ZNSt7__cxx114stoiERKNS_12basic_stringIcSt11char_traitsIcESaIcEEEPyi
FN:4530,_ZNSt7__cxx119to_stringEi
FN:4539,_ZZNSt7__cxx119to_stringEiENKUlPcyE_clES0_y
FN:4911,_ZNKSt15__str_hash_baseIcSaIcENSt7__cxx1112basic_stringIcSt11char_traitsIcES0_EEEclERKS5_
FNDA:3,_ZSteqIcSt11char_traitsIcESaIcEEbPKT_RKNSt7__cxx1112basic_stringIS3_T0_T1_EE
FNDA:4502,_ZNSt7__cxx1112basic_stringIcSt11char_traitsIcESaIcEED1Ev
FNDA:2399,_ZNSt7__cxx1112basic_stringIcSt11char_traitsIcESaIcEE3endEv
FNDA:59688,_ZNKSt7__cxx1112basic_stringIcSt11char_traitsIcESaIcEE16_M_get_allocatorEv
FNDA:0,_ZNKSt7__cxx1112basic_stringIwSt11char_traitsIwESaIwEE11_M_is_localEv
FNDA:255,_ZNSt7__cxx1112basic_stringIcSt11char_traitsIcESaIcEE5beginEv
FNDA:60,_ZNKSt7__cxx1112basic_stringIcSt11char_traitsIcESaIcEE8_M_limitEyy
FNDA:0,_ZNSt7__cxx1112basic_stringIcSt11char_traitsIcESaIcEE7replaceEyyPKcy
FNDA:2149,_ZNSt7__cxx1112basic_stringIcSt11char_traitsIcESaIcEE12_Alloc_hiderC1EPcRKS3_
FNDA:0,_ZNKSt7__cxx1112basic_stringIwSt11char_traitsIwESaIwEE4dataEv
FNDA:0,_ZNKSt7__cxx1112basic_stringIDsSt11char_traitsIDsESaIDsEE16_M_get_allocatorEv
FNDA:86,_ZNSt7__cxx1112basic_stringIcSt11char_traitsIcESaIcEE6appendERKS4_
FNDA:0,_ZNSt7__cxx1112basic_stringIcSt11char_traitsIcESaIcEE17_S_to_string_viewESt17basic_string_viewIcS2_E
FNDA:0,_ZNSt7__cxx1112basic_stringIwSt11char_traitsIwESaIwEEC1IS3_EEPKwRKS3_
FNDA:88,_ZNKSt7__cxx1112basic_stringIcSt11char_traitsIcESaIcEE13get_allocatorEv
FNDA:59374,_ZNKSt7__cxx1112basic_stringIcSt11char_traitsIcESaIcEE8max_sizeEv
FNDA:0,_ZNKSt7__cxx1112basic_stringIwSt11char_traitsIwESaIwEE6lengthEv
FNDA:60,_ZNSt7__cxx1112basic_stringIcSt11char_traitsIcESaIcEE9_S_assignEPcyc
FNDA:38008,_ZNKSt7__cxx1112basic_stringIcSt11char_traitsIcESaIcEE4sizeEv
FNDA:0,_ZStplIcSt11char_traitsIcESaIcEENSt7__cxx1112basic_stringIT_T0_T1_EEPKS5_RKS8_
FNDA:0,_ZNKSt7__cxx1112basic_stringIDsSt11char_traitsIDsESaIDsEE4dataEv
FNDA:0,_ZNKSt7__cxx1112basic_stringIDiSt11char_traitsIDiESaIDiEE7_M_dataEv
FNDA:0,_ZNSt7__cxx1112basic_stringIcSt11char_traitsIcESaIcEEC1IPKcvEET_S8_RKS3_
FNDA:782,_ZNSt7__cxx1112basic_stringIcSt11char_traitsIcESaIcEEC1Ev
FNDA:180,_ZNKSt7__cxx1112basic_stringIcSt11char_traitsIcESaIcEE5emptyEv
FNDA:1402,_ZNSt7__cxx1112basic_stringIcSt11char_traitsIcESaIcEE10_M_destroyEy
FNDA:32,_ZNKSt7__cxx1112basic_stringIcSt11char_traitsIcESaIcEE11_M_disjunctEPKc
FNDA:23342,_ZNSt7__cxx1112basic_stringIcSt11char_traitsIcESaIcEE9_M_lengthEy
FNDA:0,_ZNSt7__cxx1112basic_stringIcSt11char_traitsIcESaIcEE5frontEv
FNDA:0,_ZNKSt7__cxx1112basic_stringIwSt11char_traitsIwESaIwEE8max_sizeEv
FNDA:0,_ZNSt7__cxx1112basic_stringIcSt11char_traitsIcESaIcEE6appendEyc
FNDA:684,_ZNKSt7__cxx1112basic_stringIcSt11char_traitsIcESaIcEE15_M_check_lengthEyyPKc
FNDA:0,_ZNSt7__cxx1112basic_stringIcSt11char_traitsIcESaIcEE5eraseEyy
FNDA:7652,_ZNKSt7__cxx1112basic_stringIcSt11char_traitsIcESaIcEE6lengthEv
FNDA:5291,_ZNSt7__cxx1112basic_stringIcSt11char_traitsIcESaIcEE10_M_disposeEv
FNDA:412,_ZSteqIcSt11char_traitsIcESaIcEEbRKNSt7__cxx1112basic_stringIT_T0_T1_EEPKS5_
FNDA:0,_ZStneIcSt11char_traitsIcESaIcEEbRKNSt7__cxx1112basic_stringIT_T0_T1_EEPKS5_
FNDA:3816,_ZNSt7__cxx1112basic_stringIcSt11char_traitsIcESaIcEE7_S_copyEPcPKcy
FNDA:22172,_ZNSt7__cxx1112basic_stringIcSt11char_traitsIcESaIcEE13_M_set_lengthEy
FNDA:1965,_ZNSt7__cxx1112basic_stringIcSt11char_traitsIcESaIcEEC1IS3_EEPKcRKS3_
FNDA:929,_ZNSt7__cxx1112basic_stringIcSt11char_traitsIcESaIcEEC1EOS4_
FNDA:0,_ZNSt7__cxx1112basic_stringIwSt11char_traitsIwESaIwEE10_M_destroyEy
FNDA:0,_ZNSt7__cxx1112basic_stringIcSt11char_traitsIcESaIcEE12__sv_wrapperC1ESt17basic_string_viewIcS2_E
FNDA:3618,_ZNSt7__cxx1112basic_stringIcSt11char_traitsIcESaIcEE16_M_get_allocatorEv
FNDA:0,_ZStplIcSt11char_traitsIcESaIcEENSt7__cxx1112basic_stringIT_T0_T1_EEPKS5_OS8_
FNDA:0,_ZNSt7__cxx1112basic_stringIwSt11char_traitsIwESaIwEE7_S_copyEPwPKwy
FNDA:36,_ZNSt7__cxx1112basic_stringIcSt11char_traitsIcESaIcEEC1EPKcyRKS3_
FNDA:60,_ZNSt7__cxx1112basic_stringIcSt11char_traitsIcESaIcEEC1IS3_EEycRKS3_
FNDA:12,_ZNSt7__cxx119to_stringEi
FNDA:0,_ZNSt7__cxx1112basic_stringIwSt11char_traitsIwESaIwEE12_Alloc_hiderC1EPwRKS3_
FNDA:48,_ZStplIcSt11char_traitsIcESaIcEENSt7__cxx1112basic_stringIT_T0_T1_EEOS8_RKS8_
FNDA:0,_ZNKSt7__cxx1112basic_stringIwSt11char_traitsIwESaIwEE4findERKS4_y
FNDA:0,_ZNSt7__cxx1112basic_stringIwSt11char_traitsIwESaIwEE11_S_allocateERS3_y
FNDA:58,_ZNSt7__cxx1112basic_stringIcSt11char_traitsIcESaIcEE6assignEPKc
FNDA:0,_ZNKSt7__cxx1112basic_stringIwSt11char_traitsIwESaIwEE4sizeEv
FNDA:0,_ZNKSt7__cxx1112basic_stringIwSt11char_traitsIwESaIwEE16_M_get_allocatorEv
FNDA:0,_ZNSt7__cxx1112basic_stringIwSt11char_traitsIwESaIwEE13_M_set_lengthEy
FNDA:0,_ZNSt7__cxx1112basic_stringIcSt11char_traitsIcESaIcEEpLEPKc
FNDA:6080,_ZNKSt7__cxx1112basic_stringIcSt11char_traitsIcESaIcEE5c_strEv
FNDA:0,_ZNSt7__cxx1112basic_stringIcSt11char_traitsIcESaIcEE7replaceEyyyc
FNDA:60,_ZNKSt7__cxx1112basic_stringIcSt11char_traitsIcESaIcEE6substrEyy
FNDA:0,_ZNKSt7__cxx1112basic_stringIDiSt11char_traitsIDiESaIDiEE4dataEv
FNDA:200,_ZNSt7__cxx1112basic_stringIcSt11char_traitsIcESaIcEE6assignERKS4_
FNDA:58,_ZNSt7__cxx1112basic_stringIcSt11char_traitsIcESaIcEEaSEPKc
FNDA:25401,_ZNKSt7__cxx1112basic_stringIcSt11char_traitsIcESaIcEE13_M_local_dataEv
FNDA:0,_ZNKSt7__cxx1112basic_stringIwSt11char_traitsIwESaIwEE7_M_dataEv
FNDA:0,_ZNKSt7__cxx1112basic_stringIwSt11char_traitsIwESaIwEE5c_strEv
FNDA:1997,_ZNSt7__cxx1112basic_stringIcSt11char_traitsIcESaIcEE12_Alloc_hiderC1EPcOS3_
FNDA:1026,_ZNKSt7__cxx1112basic_stringIcSt11char_traitsIcESaIcEE4dataEv
FNDA:2061,_ZNSt7__cxx1112basic_stringIcSt11char_traitsIcESaIcEE13_S_copy_charsIPKcEEvPcT_S9_
FNDA:0,_ZNSt7__cxx1112basic_stringIwSt11char_traitsIwESaIwEE7_M_dataEPw
FNDA:0,_ZNSt7__cxx1112basic_stringIcSt11char_traitsIcESaIcEE7_S_moveEPcPKcy
FNDA:0,_ZNKSt7__cxx1112basic_stringIcSt11char_traitsIcESaIcEE4findERKS4_y
FNDA:0,_ZNSt7__cxx1112basic_stringIwSt11char_traitsIwESaIwEED1Ev
FNDA:0,_ZNSt7__cxx1112basic_stringIwSt11char_traitsIwESaIwEE16_M_get_allocatorEv
FNDA:1237,_ZNSt7__cxx1112basic_stringIcSt11char_traitsIcESaIcEE11_S_allocateERS3_y
FNDA:0,_ZNKSt7__cxx1112basic_stringIcSt11char_traitsIcESaIcEE7compareERKS4_
FNDA:5090,_ZNSt7__cxx1112basic_stringIcSt11char_traitsIcESaIcEE13_M_local_dataEv
FNDA:0,_ZStltIcSt11char_traitsIcESaIcEEbRKNSt7__cxx1112basic_stringIT_T0_T1_EESA_
FNDA:12,_ZZNSt7__cxx119to_stringEiENKUlPcyE_clES0_y
FNDA:0,_ZNSt7__cxx1112basic_stringIcSt11char_traitsIcESaIcEE6insertEyPKc
FNDA:0,_ZNSt7__cxx1112basic_stringIwSt11char_traitsIwESaIwEE13_M_local_dataEv
FNDA:0,_ZNKSt7__cxx1112basic_stringIDiSt11char_traitsIDiESaIDiEE8max_sizeEv
FNDA:0,_ZNSt7__cxx1112basic_stringIwSt11char_traitsIwESaIwEE9_M_lengthEy
FNDA:0,_ZNSt7__cxx1112basic_stringIcSt11char_traitsIcESaIcEE10_S_compareEyy
FNDA:0,_ZNKSt7__cxx1112basic_stringIDiSt11char_traitsIDiESaIDiEE16_M_get_allocatorEv
FNDA:28,_ZNSt7__cxx114stoiERKNS_12basic_stringIcSt11char_traitsIcESaIcEEEPyi
FNDA:0,_ZNKSt7__cxx1112basic_stringIcSt11char_traitsIcESaIcEE4findEPKcy
FNDA:0,_ZNSt7__cxx1112basic_stringIcSt11char_traitsIcESaIcEEC1ENS4_12__sv_wrapperERKS3_
FNDA:45,_ZNKSt7__cxx1112basic_stringIcSt11char_traitsIcESaIcEE6cbeginEv
FNDA:0,_ZNSt7__cxx1112basic_stringIwSt11char_traitsIwESaIwEE11_M_capacityEy
FNDA:0,_ZNSt7__cxx1112basic_stringIcSt11char_traitsIcESaIcEE5eraseEN9__gnu_cxx17__normal_iteratorIPKcS4_EE
FNDA:88,_ZStplIcSt11char_traitsIcESaIcEENSt7__cxx1112basic_stringIT_T0_T1_EERKS8_PKS5_
FNDA:262,_ZNSt7__cxx1112basic_stringIcSt11char_traitsIcESaIcEE6appendEPKcy
FNDA:0,_ZNSt7__cxx1112basic_stringIcSt11char_traitsIcESaIcEEC1ISt17basic_string_viewIcS2_EvEERKT_RKS3_
FNDA:69,_ZNKSt7__cxx1112basic_stringIcSt11char_traitsIcESaIcEE3endEv
FNDA:120,_ZNKSt7__cxx1112basic_stringIcSt11char_traitsIcESaIcEE8_M_checkEyPKc
FNDA:226,_ZNSt7__cxx1112basic_stringIcSt11char_traitsIcESaIcEEC1ERKS4_
FNDA:713,_ZSteqIcSt11char_traitsIcESaIcEEbRKNSt7__cxx1112basic_stringIT_T0_T1_EESA_
FNDA:17276,_ZNSt7__cxx1112basic_stringIcSt11char_traitsIcESaIcEEpLEc
FNDA:0,_ZNKSt7__cxx1112basic_stringIwSt11char_traitsIwESaIwEE13_M_local_dataEv
FNDA:17276,_ZNSt7__cxx1112basic_stringIcSt11char_traitsIcESaIcEE9push_backEc
FNDA:60,_ZNSt7__cxx1112basic_stringIcSt11char_traitsIcESaIcEEC1ERKS4_yy
FNDA:0,_ZNSt7__cxx1112basic_stringIwSt11char_traitsIwESaIwEE13_S_copy_charsIPKwEEvPwT_S9_
FNDA:25,_ZNSt7__cxx1112basic_stringIcSt11char_traitsIcESaIcEE5clearEv
FNDA:0,_ZStplIcSt11char_traitsIcESaIcEENSt7__cxx1112basic_stringIT_T0_T1_EERKS8_S5_
FNDA:88,_ZSt12__str_concatINSt7__cxx1112basic_stringIcSt11char_traitsIcESaIcEEEET_PKNS6_10value_typeENS6_9size_typeES9_SA_RKNS6_14allocator_typeE
FNDA:2553,_ZNKSt7__cxx1112basic_stringIcSt11char_traitsIcESaIcEEixEy
FNDA:0,_ZNKSt7__cxx1112basic_stringIcSt11char_traitsIcESaIcEE6rbeginEv
FNDA:0,_ZNKSt7__cxx1112basic_stringIDiSt11char_traitsIDiESaIDiEE4sizeEv
FNDA:0,_ZNSt7__cxx1112basic_stringIcSt11char_traitsIcESaIcEE6insertEyRKS4_
FNDA:93,_ZNKSt7__cxx1112basic_stringIcSt11char_traitsIcESaIcEE5beginEv
FNDA:219,_ZNKSt15__str_hash_baseIcSaIcENSt7__cxx1112basic_stringIcSt11char_traitsIcES0_EEEclERKS5_
FNDA:200,_ZNSt7__cxx1112basic_stringIcSt11char_traitsIcESaIcEEaSERKS4_
FNDA:0,_ZSt4swapIcSt11char_traitsIcESaIcEEvRNSt7__cxx1112basic_stringIT_T0_T1_EES9_
FNDA:364,_ZNSt7__cxx1112basic_stringIcSt11char_traitsIcESaIcEE6appendEPKc
FNDA:0,_ZNSt7__cxx1112basic_stringIcSt11char_traitsIcESaIcEE4backEv
FNDA:0,_ZNKSt7__cxx1112basic_stringIDsSt11char_traitsIDsESaIDsEE7_M_dataEv
FNDA:25401,_ZNKSt7__cxx1112basic_stringIcSt11char_traitsIcESaIcEE11_M_is_localEv
FNDA:0,_ZNSt7__cxx1112basic_stringIcSt11char_traitsIcESaIcEEixEy
FNDA:0,_ZNKSt7__cxx1112basic_stringIDsSt11char_traitsIDsESaIDsEE8max_sizeEv
FNDA:14,_ZStplIcSt11char_traitsIcESaIcEENSt7__cxx1112basic_stringIT_T0_T1_EEOS8_S9_
FNDA:19116,_ZNKSt7__cxx1112basic_stringIcSt11char_traitsIcESaIcEE8capacityEv
FNDA:25,_ZNSt7__cxx1112basic_stringIcSt11char_traitsIcESaIcEEaSEOS4_
FNDA:45,_ZNSt7__cxx1112basic_stringIcSt11char_traitsIcESaIcEE5eraseEN9__gnu_cxx17__normal_iteratorIPKcS4_EES9_
FNDA:0,_ZNSt7__cxx1112basic_stringIwSt11char_traitsIwESaIwEE10_M_disposeEv
FNDA:24,_ZNSt7__cxx1112basic_stringIcSt11char_traitsIcESaIcEEpLERKS4_
FNDA:1830,_ZNSt7__cxx1112basic_stringIcSt11char_traitsIcESaIcEE11_M_capacityEy
FNDA:0,_ZNKSt7__cxx1112basic_stringIcSt11char_traitsIcESaIcEEcvSt17basic_string_viewIcS2_EEv
FNDA:88,_ZNSt7__cxx1112basic_stringIcSt11char_traitsIcESaIcEEC1ERKS3_
FNDA:83703,_ZNKSt7__cxx1112basic_stringIcSt11char_traitsIcESaIcEE7_M_dataEv
FNDA:0,_ZNKSt7__cxx1112basic_stringIDsSt11char_traitsIDsESaIDsEE4sizeEv
FNDA:0,_ZNKSt7__cxx1112basic_stringIcSt11char_traitsIcESaIcEE7compareEyyPKc
FNDA:364,_ZStplIcSt11char_traitsIcESaIcEENSt7__cxx1112basic_stringIT_T0_T1_EEOS8_PKS5_
FNDA:2774,_ZNSt7__cxx1112basic_stringIcSt11char_traitsIcESaIcEE7_M_dataEPc
FNF:135
FNH:71
DA:140,1237
DA:142,1237
DA:152,1237
DA:169,0
DA:170,0
DA:179,0
DA:192,0
DA:193,0
DA:204,2149
DA:205,2149
DA:208,1997
DA:209,1997
DA:228,2774
DA:229,2774
DA:233,23342
DA:234,23342
DA:238,83703
DA:239,83703
DA:243,5090
DA:246,5090
DA:254,25401
DA:257,25401
DA:265,1830
DA:266,1830
DA:270,22172
DA:272,22172
DA:273,22172
DA:274,22172
DA:278,25401
DA:280,25401
DA:282,5980
DA:283,0
DA:284,5980
DA:286,19421
DA:296,5291
DA:298,5291
DA:299,1402
DA:300,5291
DA:304,1402
DA:305,1402
DA:359,3618
DA:360,3618
DA:364,59688
DA:365,59688
DA:378,2338
DA:388,944
DA:409,120
DA:411,120
DA:412,0
DA:415,120
DA:420,684
DA:422,684
DA:423,0
DA:424,684
DA:430,60
DA:432,60
DA:433,60
DA:438,32
DA:440,32
DA:441,32
DA:448,3816
DA:450,3816
DA:451,834
DA:453,2982
DA:454,3816
DA:458,0
DA:460,0
DA:461,0
DA:463,0
DA:464,0
DA:468,60
DA:470,60
DA:471,0
DA:473,60
DA:474,60
DA:483,2061
DA:489,4122
DA:506,2061
DA:551,0
DA:553,0
DA:555,0
DA:556,0
DA:557,0
DA:558,0
DA:560,0
DA:585,782
DA:590,2346
DA:593,782
DA:594,782
DA:601,88
DA:602,88
DA:605,88
DA:606,88
DA:613,226
DA:614,226
DA:615,226
DA:617,226
DA:618,226
DA:646,60
DA:648,120
DA:650,60
DA:651,60
DA:652,60
DA:654,60
DA:684,36
DA:686,36
DA:689,36
DA:690,0
DA:692,36
DA:693,36
DA:706,1965
DA:707,1965
DA:710,1965
DA:711,0
DA:713,1965
DA:714,1965
DA:715,1965
DA:729,60
DA:730,60
DA:731,60
DA:742,929
DA:743,1858
DA:745,929
DA:748,351
DA:749,351
DA:753,578
DA:754,578
DA:760,929
DA:761,929
DA:762,929
DA:763,929
DA:852,0
DA:854,0
DA:857,0
DA:862,0
DA:887,0
DA:888,0
DA:895,4502
DA:896,4502
DA:904,200
DA:906,200
DA:915,58
DA:916,58
DA:945,25
DA:948,25
DA:950,25
DA:951,25
DA:954,0
DA:955,0
DA:956,0
DA:959,25
DA:961,25
DA:966,10
DA:968,10
DA:969,10
DA:970,10
DA:973,15
DA:976,15
DA:978,15
DA:983,0
DA:984,0
DA:990,15
DA:991,15
DA:992,15
DA:993,15
DA:995,0
DA:996,0
DA:999,15
DA:1002,0
DA:1003,25
DA:1004,25
DA:1036,0
DA:1037,0
DA:1047,255
DA:1048,255
DA:1056,93
DA:1057,93
DA:1065,2399
DA:1066,2399
DA:1074,69
DA:1075,69
DA:1094,0
DA:1095,0
DA:1124,45
DA:1125,45
DA:1163,38008
DA:1165,38008
DA:1166,38008
DA:1167,0
DA:1168,38008
DA:1175,7652
DA:1176,7652
DA:1181,59374
DA:1183,59374
DA:1185,59374
DA:1186,59374
DA:1277,19116
DA:1279,19116
DA:1281,19116
DA:1282,0
DA:1283,19116
DA:1322,25
DA:1323,25
DA:1331,180
DA:1332,180
DA:1347,2553
DA:1349,2553
DA:1350,2553
DA:1365,0
DA:1369,0
DA:1372,0
DA:1426,0
DA:1428,0
DA:1429,0
DA:1450,0
DA:1452,0
DA:1453,0
DA:1477,24
DA:1478,24
DA:1487,0
DA:1488,0
DA:1497,17276
DA:1499,17276
DA:1500,17276
DA:1535,86
DA:1536,86
DA:1566,262
DA:1569,262
DA:1570,262
DA:1580,364
DA:1583,364
DA:1584,364
DA:1585,364
DA:1598,0
DA:1599,0
DA:1724,17276
DA:1726,17276
DA:1727,17276
DA:1728,0
DA:1729,17276
DA:1730,17276
DA:1731,17276
DA:1740,200
DA:1743,200
DA:1745,0
DA:1746,0
DA:1750,0
DA:1752,0
DA:1753,0
DA:1754,0
DA:1758,0
DA:1759,0
DA:1761,0
DA:1762,0
DA:1763,0
DA:1764,0
DA:1765,0
DA:1768,0
DA:1771,200
DA:1772,200
DA:1844,58
DA:1847,58
DA:1848,58
DA:2148,0
DA:2149,0
DA:2150,0
DA:2216,0
DA:2219,0
DA:2220,0
DA:2323,0
DA:2325,0
DA:2326,0
DA:2327,0
DA:2328,0
DA:2329,0
DA:2330,0
DA:2343,0
DA:2347,0
DA:2348,0
DA:2349,0
DA:2363,45
DA:2367,45
DA:2368,90
DA:2369,45
DA:2371,0
DA:2372,45
DA:2458,0
DA:2462,0
DA:2463,0
DA:2509,0
DA:2510,0
DA:2511,0
DA:2873,6080
DA:2874,6080
DA:2886,1026
DA:2887,1026
DA:2907,88
DA:2908,176
DA:2939,0
DA:2941,0
DA:2973,0
DA:2976,0
DA:3441,60
DA:3443,60
DA:3461,0
DA:3463,0
DA:3464,0
DA:3465,0
DA:3467,0
DA:3468,0
DA:3469,0
DA:3470,0
DA:3661,0
DA:3664,0
DA:3665,0
DA:3666,0
DA:3667,0
DA:3668,0
DA:3669,0
DA:3670,0
DA:3671,0
DA:3815,88
DA:3823,88
DA:3824,88
DA:3825,88
DA:3826,88
DA:3827,88
DA:3828,0
DA:3858,0
DA:3865,0
DA:3894,88
DA:3901,176
DA:3912,0
DA:3917,0
DA:3924,48
DA:3926,96
DA:3938,14
DA:3943,14
DA:3945,14
DA:3948,14
DA:3951,14
DA:3952,14
DA:3953,0
DA:3955,28
DA:3961,0
DA:3963,0
DA:3975,364
DA:3977,728
DA:4045,713
DA:4049,713
DA:4050,713
DA:4062,412
DA:4065,412
DA:4066,412
DA:4109,3
DA:4111,3
DA:4150,0
DA:4152,0
DA:4164,0
DA:4167,0
DA:4329,0
DA:4332,0
DA:4454,28
DA:4455,28
DA:4456,28
DA:4530,12
DA:4535,12
DA:4536,12
DA:4537,12
DA:4538,12
DA:4539,12
DA:4540,12
DA:4541,12
DA:4542,12
DA:4544,12
DA:4911,219
DA:4912,219
LF:377
LH:247
end_of_record
TN:
SF:C:\mingw64\include\c++\15.2.0\bits\basic_string.tcc
FN:64,_ZNSt7__cxx1112basic_stringIcSt11char_traitsIcESaIcEE4swapERS4_
FN:143,_ZNSt7__cxx1112basic_stringIwSt11char_traitsIwESaIwEE9_M_createERyy
FN:143,_ZNSt7__cxx1112basic_stringIcSt11char_traitsIcESaIcEE9_M_createERyy
FN:227,_ZNSt7__cxx1112basic_stringIwSt11char_traitsIwESaIwEE12_M_constructIPKwEEvT_S8_St20forward_iterator_tag
FN:227,_ZNSt7__cxx1112basic_stringIcSt11char_traitsIcESaIcEE12_M_constructIPKcEEvT_S8_St20forward_iterator_tag
FN:245,_ZZNSt7__cxx1112basic_stringIcSt11char_traitsIcESaIcEE12_M_constructIPKcEEvT_S8_St20forward_iterator_tagEN6_GuardC1EPS4_
FN:245,_ZZNSt7__cxx1112basic_stringIwSt11char_traitsIwESaIwEE12_M_constructIPKwEEvT_S8_St20forward_iterator_tagEN6_GuardC1EPS4_
FN:248,_ZZNSt7__cxx1112basic_stringIcSt11char_traitsIcESaIcEE12_M_constructIPKcEEvT_S8_St20forward_iterator_tagEN6_GuardD1Ev
FN:248,_ZZNSt7__cxx1112basic_stringIwSt11char_traitsIwESaIwEE12_M_constructIPKwEEvT_S8_St20forward_iterator_tagEN6_GuardD1Ev
FN:263,_ZNSt7__cxx1112basic_stringIcSt11char_traitsIcESaIcEE12_M_constructEyc
FN:286,_ZNSt7__cxx1112basic_stringIcSt11char_traitsIcESaIcEE12_M_constructILb1EEEvPKcy
FN:308,_ZNSt7__cxx1112basic_stringIcSt11char_traitsIcESaIcEE9_M_assignERKS4_
FN:335,_ZNSt7__cxx1112basic_stringIcSt11char_traitsIcESaIcEE7reserveEy
FN:356,_ZNSt7__cxx1112basic_stringIcSt11char_traitsIcESaIcEE9_M_mutateEyyPKcy
FN:381,_ZNSt7__cxx1112basic_stringIcSt11char_traitsIcESaIcEE8_M_eraseEyy
FN:444,_ZNSt7__cxx1112basic_stringIcSt11char_traitsIcESaIcEE9_M_appendEPKcy
FN:481,_ZNSt7__cxx1112basic_stringIcSt11char_traitsIcESaIcEE14_M_replace_auxEyyyc
FN:510,_ZNSt7__cxx1112basic_stringIcSt11char_traitsIcESaIcEE15_M_replace_coldEPcyPKcyy
FN:542,_ZNSt7__cxx1112basic_stringIcSt11char_traitsIcESaIcEE10_M_replaceEyyPKcy
FN:614,_ZNSt7__cxx1112basic_stringIcSt11char_traitsIcESaIcEE22__resize_and_overwriteIZNS_9to_stringEiEUlPcyE_EEvyT_
FN:628,_ZZNSt7__cxx1112basic_stringIcSt11char_traitsIcESaIcEE22__resize_and_overwriteIZNS_9to_stringEiEUlPcyE_EEvyT_EN11_TerminatorD1Ev
FN:657,_ZNKSt7__cxx1112basic_stringIcSt11char_traitsIcESaIcEE4findEPKcyy
FN:657,_ZNKSt7__cxx1112basic_stringIwSt11char_traitsIwESaIwEE4findEPKwyy
FN:694,_ZNKSt7__cxx1112basic_stringIcSt11char_traitsIcESaIcEE4findEcy
FNDA:226,_ZNSt7__cxx1112basic_stringIcSt11char_traitsIcESaIcEE12_M_constructILb1EEEvPKcy
FNDA:0,_ZNSt7__cxx1112basic_stringIcSt11char_traitsIcESaIcEE8_M_eraseEyy
FNDA:58,_ZNSt7__cxx1112basic_stringIcSt11char_traitsIcESaIcEE10_M_replaceEyyPKcy
FNDA:626,_ZNSt7__cxx1112basic_stringIcSt11char_traitsIcESaIcEE9_M_appendEPKcy
FNDA:0,_ZNSt7__cxx1112basic_stringIcSt11char_traitsIcESaIcEE15_M_replace_coldEPcyPKcyy
FNDA:0,_ZNKSt7__cxx1112basic_stringIcSt11char_traitsIcESaIcEE4findEPKcyy
FNDA:716,_ZNSt7__cxx1112basic_stringIcSt11char_traitsIcESaIcEE7reserveEy
FNDA:1237,_ZNSt7__cxx1112basic_stringIcSt11char_traitsIcESaIcEE9_M_createERyy
FNDA:2061,_ZNSt7__cxx1112basic_stringIcSt11char_traitsIcESaIcEE12_M_constructIPKcEEvT_S8_St20forward_iterator_tag
FNDA:200,_ZNSt7__cxx1112basic_stringIcSt11char_traitsIcESaIcEE9_M_assignERKS4_
FNDA:12,_ZZNSt7__cxx1112basic_stringIcSt11char_traitsIcESaIcEE22__resize_and_overwriteIZNS_9to_stringEiEUlPcyE_EEvyT_EN11_TerminatorD1Ev
FNDA:12,_ZNSt7__cxx1112basic_stringIcSt11char_traitsIcESaIcEE22__resize_and_overwriteIZNS_9to_stringEiEUlPcyE_EEvyT_
FNDA:0,_ZNKSt7__cxx1112basic_stringIwSt11char_traitsIwESaIwEE4findEPKwyy
FNDA:0,_ZNSt7__cxx1112basic_stringIcSt11char_traitsIcESaIcEE14_M_replace_auxEyyyc
FNDA:2061,_ZZNSt7__cxx1112basic_stringIcSt11char_traitsIcESaIcEE12_M_constructIPKcEEvT_S8_St20forward_iterator_tagEN6_GuardD1Ev
FNDA:54,_ZNKSt7__cxx1112basic_stringIcSt11char_traitsIcESaIcEE4findEcy
FNDA:212,_ZNSt7__cxx1112basic_stringIcSt11char_traitsIcESaIcEE9_M_mutateEyyPKcy
FNDA:2061,_ZZNSt7__cxx1112basic_stringIcSt11char_traitsIcESaIcEE12_M_constructIPKcEEvT_S8_St20forward_iterator_tagEN6_GuardC1EPS4_
FNDA:0,_ZNSt7__cxx1112basic_stringIwSt11char_traitsIwESaIwEE9_M_createERyy
FNDA:0,_ZNSt7__cxx1112basic_stringIwSt11char_traitsIwESaIwEE12_M_constructIPKwEEvT_S8_St20forward_iterator_tag
FNDA:0,_ZZNSt7__cxx1112basic_stringIwSt11char_traitsIwESaIwEE12_M_constructIPKwEEvT_S8_St20forward_iterator_tagEN6_GuardD1Ev
FNDA:0,_ZZNSt7__cxx1112basic_stringIwSt11char_traitsIwESaIwEE12_M_constructIPKwEEvT_S8_St20forward_iterator_tagEN6_GuardC1EPS4_
FNDA:60,_ZNSt7__cxx1112basic_stringIcSt11char_traitsIcESaIcEE12_M_constructEyc
FNDA:0,_ZNSt7__cxx1112basic_stringIcSt11char_traitsIcESaIcEE4swapERS4_
FNF:24
FNH:14
DA:64,0
DA:67,0
DA:68,0
DA:70,0
DA:72,0
DA:73,0
DA:75,0
DA:78,0
DA:79,0
DA:80,0
DA:81,0
DA:82,0
DA:83,0
DA:85,0
DA:88,0
DA:89,0
DA:90,0
DA:91,0
DA:92,0
DA:94,0
DA:97,0
DA:98,0
DA:99,0
DA:100,0
DA:101,0
DA:106,0
DA:108,0
DA:109,0
DA:110,0
DA:111,0
DA:112,0
DA:116,0
DA:117,0
DA:120,0
DA:121,0
DA:122,0
DA:123,0
DA:127,0
DA:128,0
DA:129,0
DA:130,0
DA:132,0
DA:135,0
DA:136,0
DA:137,0
DA:143,1237
DA:148,1237
DA:149,0
DA:154,1237
DA:156,329
DA:158,329
DA:159,0
DA:164,1237
DA:227,2061
DA:231,2061
DA:233,2061
DA:235,321
DA:236,321
DA:245,2061
DA:248,2061
DA:251,2061
DA:253,2061
DA:255,2061
DA:257,2061
DA:258,2061
DA:263,60
DA:266,60
DA:268,0
DA:269,0
DA:274,60
DA:275,60
DA:277,60
DA:278,60
DA:286,226
DA:289,226
DA:291,127
DA:292,127
DA:298,226
DA:300,226
DA:303,226
DA:308,200
DA:311,200
DA:313,200
DA:314,200
DA:316,200
DA:318,6
DA:319,6
DA:320,6
DA:321,6
DA:322,6
DA:325,200
DA:326,104
DA:328,200
DA:330,200
DA:335,716
DA:338,716
DA:343,716
DA:344,145
DA:346,571
DA:347,571
DA:348,571
DA:349,571
DA:350,571
DA:356,212
DA:360,212
DA:362,212
DA:363,212
DA:365,212
DA:366,186
DA:367,212
DA:368,212
DA:369,212
DA:370,0
DA:371,0
DA:373,212
DA:374,212
DA:375,212
DA:376,212
DA:381,0
DA:384,0
DA:386,0
DA:387,0
DA:389,0
DA:390,0
DA:444,626
DA:447,626
DA:449,626
DA:451,440
DA:452,428
DA:455,186
DA:457,626
DA:458,626
DA:481,0
DA:485,0
DA:487,0
DA:488,0
DA:490,0
DA:492,0
DA:494,0
DA:495,0
DA:496,0
DA:499,0
DA:501,0
DA:502,0
DA:504,0
DA:505,0
DA:510,0
DA:515,0
DA:516,0
DA:517,0
DA:518,0
DA:519,0
DA:521,0
DA:522,0
DA:523,0
DA:527,0
DA:528,0
DA:532,0
DA:533,0
DA:534,0
DA:537,0
DA:542,58
DA:546,58
DA:548,58
DA:549,58
DA:551,58
DA:553,32
DA:555,32
DA:568,32
DA:570,32
DA:571,0
DA:572,32
DA:573,18
DA:576,0
DA:579,26
DA:581,58
DA:582,58
DA:614,12
DA:621,12
DA:622,12
DA:628,12
DA:632,12
DA:633,12
DA:641,12
DA:642,12
DA:643,0
DA:644,12
DA:657,0
DA:662,0
DA:664,0
DA:665,0
DA:666,0
DA:667,0
DA:669,0
DA:670,0
DA:671,0
DA:672,0
DA:673,0
DA:675,0
DA:678,0
DA:679,0
DA:680,0
DA:684,0
DA:685,0
DA:686,0
DA:688,0
DA:694,54
DA:697,54
DA:698,54
DA:699,54
DA:701,54
DA:702,54
DA:703,54
DA:704,54
DA:705,18
DA:707,54
LF:216
LH:108
end_of_record
TN:
SF:C:\mingw64\include\c++\15.2.0\bits\char_traits.h
FN:138,_ZN9__gnu_cxx11char_traitsIwE2eqERKwS3_
FN:138,_ZN9__gnu_cxx11char_traitsIcE2eqERKcS3_
FN:142,_ZN9__gnu_cxx11char_traitsIwE2ltERKwS3_
FN:188,_ZN9__gnu_cxx11char_traitsIwE7compareEPKwS3_y
FN:201,_ZN9__gnu_cxx11char_traitsIcE6lengthEPKc
FN:201,_ZN9__gnu_cxx11char_traitsIwE6lengthEPKw
FN:212,_ZN9__gnu_cxx11char_traitsIcE4findEPKcyRS2_
FN:212,_ZN9__gnu_cxx11char_traitsIwE4findEPKwyRS2_
FN:345,_ZNSt11char_traitsIcE6assignERcRKc
FN:360,_ZNSt11char_traitsIcE2ltERKcS2_
FN:368,_ZNSt11char_traitsIcE7compareEPKcS2_y
FN:387,_ZNSt11char_traitsIcE6lengthEPKc
FN:397,_ZNSt11char_traitsIcE4findEPKcyRS1_
FN:409,_ZNSt11char_traitsIcE4moveEPcPKcy
FN:421,_ZNSt11char_traitsIcE4copyEPcPKcy
FN:433,_ZNSt11char_traitsIcE6assignEPcyc
FN:487,_ZNSt11char_traitsIwE6assignERwRKw
FN:506,_ZNSt11char_traitsIwE7compareEPKwS2_y
FN:518,_ZNSt11char_traitsIwE6lengthEPKw
FN:528,_ZNSt11char_traitsIwE4findEPKwyRS1_
FN:552,_ZNSt11char_traitsIwE4copyEPwPKwy
FN:770,_ZNSt11char_traitsIDsE2eqERKDsS2_
FN:789,_ZNSt11char_traitsIDsE6lengthEPKDs
FN:897,_ZNSt11char_traitsIDiE2eqERKDiS2_
FN:916,_ZNSt11char_traitsIDiE6lengthEPKDi
FNDA:0,_ZN9__gnu_cxx11char_traitsIcE2eqERKcS3_
FNDA:0,_ZN9__gnu_cxx11char_traitsIcE6lengthEPKc
FNDA:0,_ZNSt11char_traitsIDsE6lengthEPKDs
FNDA:0,_ZNSt11char_traitsIwE4copyEPwPKwy
FNDA:474,_ZNSt11char_traitsIcE7compareEPKcS2_y
FNDA:54,_ZNSt11char_traitsIcE4findEPKcyRS1_
FNDA:0,_ZNSt11char_traitsIDiE2eqERKDiS2_
FNDA:2887,_ZNSt11char_traitsIcE6lengthEPKc
FNDA:0,_ZN9__gnu_cxx11char_traitsIcE4findEPKcyRS2_
FNDA:0,_ZN9__gnu_cxx11char_traitsIwE2eqERKwS3_
FNDA:40282,_ZNSt11char_traitsIcE6assignERcRKc
FNDA:0,_ZNSt11char_traitsIwE6lengthEPKw
FNDA:0,_ZN9__gnu_cxx11char_traitsIwE4findEPKwyRS2_
FNDA:0,_ZNSt11char_traitsIwE7compareEPKwS2_y
FNDA:0,_ZNSt11char_traitsIcE2ltERKcS2_
FNDA:60,_ZNSt11char_traitsIcE6assignEPcyc
FNDA:0,_ZNSt11char_traitsIwE4findEPKwyRS1_
FNDA:0,_ZNSt11char_traitsIcE4moveEPcPKcy
FNDA:0,_ZN9__gnu_cxx11char_traitsIwE7compareEPKwS3_y
FNDA:0,_ZNSt11char_traitsIwE6assignERwRKw
FNDA:3333,_ZNSt11char_traitsIcE4copyEPcPKcy
FNDA:0,_ZN9__gnu_cxx11char_traitsIwE2ltERKwS3_
FNDA:0,_ZNSt11char_traitsIDiE6lengthEPKDi
FNDA:0,_ZN9__gnu_cxx11char_traitsIwE6lengthEPKw
FNDA:0,_ZNSt11char_traitsIDsE2eqERKDsS2_
FNF:25
FNH:6
DA:138,0
DA:139,0
DA:142,0
DA:143,0
DA:188,0
DA:191,0
DA:192,0
DA:193,0
DA:194,0
DA:195,0
DA:196,0
DA:201,0
DA:204,0
DA:205,0
DA:206,0
DA:207,0
DA:212,0
DA:215,0
DA:216,0
DA:217,0
DA:218,0
DA:345,40282
DA:352,40282
DA:353,40282
DA:360,0
DA:363,0
DA:364,0
DA:368,474
DA:370,474
DA:371,0
DA:373,474
DA:375,0
DA:376,0
DA:377,0
DA:378,0
DA:379,0
DA:380,0
DA:383,474
DA:387,2887
DA:390,2887
DA:391,0
DA:393,2887
DA:397,54
DA:399,54
DA:400,0
DA:402,54
DA:403,0
DA:405,54
DA:409,0
DA:411,0
DA:412,0
DA:417,0
DA:421,3333
DA:423,3333
DA:424,94
DA:429,3239
DA:433,60
DA:435,60
DA:436,0
DA:441,60
DA:487,0
DA:494,0
DA:495,0
DA:506,0
DA:508,0
DA:509,0
DA:511,0
DA:512,0
DA:514,0
DA:518,0
DA:521,0
DA:522,0
DA:524,0
DA:528,0
DA:530,0
DA:531,0
DA:533,0
DA:534,0
DA:536,0
DA:552,0
DA:554,0
DA:555,0
DA:560,0
DA:770,0
DA:771,0
DA:789,0
DA:791,0
DA:792,0
DA:793,0
DA:794,0
DA:897,0
DA:898,0
DA:916,0
DA:918,0
DA:919,0
DA:920,0
DA:921,0
LF:97
LH:21
end_of_record
TN:
SF:C:\mingw64\include\c++\15.2.0\bits\charconv.h
FN:57,_ZNSt8__detail14__to_chars_lenIjEEjT_i
FN:83,_ZNSt8__detail18__to_chars_10_implIjEEvPcjT_
FNDA:12,_ZNSt8__detail14__to_chars_lenIjEEjT_i
FNDA:12,_ZNSt8__detail18__to_chars_10_implIjEEvPcjT_
FNF:2
FNH:2
DA:57,12
DA:63,12
DA:64,12
DA:65,12
DA:66,12
DA:69,12
DA:70,9
DA:71,0
DA:72,0
DA:73,0
DA:74,0
DA:83,12
DA:89,12
DA:95,12
DA:96,12
DA:98,0
DA:99,0
DA:100,0
DA:101,0
DA:102,0
DA:104,12
DA:106,9
DA:107,9
DA:108,9
DA:111,3
DA:112,12
LF:26
LH:17
end_of_record
TN:
SF:C:\mingw64\include\c++\15.2.0\bits\chrono.h
FN:214,_ZNSt6chrono20__duration_cast_implINS_8durationIxSt5ratioILx1ELx1000EEEES2_ILx1ELx1000000EExLb1ELb0EE6__castIxS2_ILx1ELx1000000000EEEES4_RKNS1_IT_T0_EE
FN:227,_ZNSt6chrono20__duration_cast_implINS_8durationIxSt5ratioILx1ELx1000000000EEEES2_ILx1000000000ELx1EExLb0ELb1EE6__castIxS2_ILx1ELx1EEEES4_RKNS1_IT_T0_EE
FN:279,_ZNSt6chrono13duration_castINS_8durationIxSt5ratioILx1ELx1000000000EEEExS2_ILx1ELx1EEEENSt9enable_ifIXsrNS_13__is_durationIT_EE5valueES8_E4typeERKNS1_IT0_T1_EE
FN:279,_ZNSt6chrono13duration_castINS_8durationIxSt5ratioILx1ELx1000EEEExS2_ILx1ELx1000000000EEEENSt9enable_ifIXsrNS_13__is_durationIT_EE5valueES8_E4typeERKNS1_IT0_T1_EE
FN:577,_ZNSt6chrono8durationIxSt5ratioILx1ELx1000EEEC1IxvEERKT_
FN:577,_ZNSt6chrono8durationIxSt5ratioILx1ELx1EEEC1IxvEERKT_
FN:577,_ZNSt6chrono8durationIxSt5ratioILx1ELx1000000000EEEC1IxvEERKT_
FN:593,_ZNKSt6chrono8durationIxSt5ratioILx1ELx1EEE5countEv
FN:593,_ZNKSt6chrono8durationIxSt5ratioILx1ELx1000EEE5countEv
FN:593,_ZNKSt6chrono8durationIxSt5ratioILx1ELx1000000000EEE5countEv
FN:714,_ZNSt6chronomiIxSt5ratioILx1ELx1000000000EExS2_EENSt11common_typeIJNS_8durationIT_T0_EENS4_IT1_T2_EEEE4typeERKS7_RKSA_
FN:940,_ZNSt6chrono10time_pointINS_3_V212system_clockENS_8durationIxSt5ratioILx1ELx1EEEEEC1ERKS6_
FN:940,_ZNSt6chrono10time_pointINS_3_V212system_clockENS_8durationIxSt5ratioILx1ELx1000000000EEEEEC1ERKS6_
FN:953,_ZNKSt6chrono10time_pointINS_3_V212system_clockENS_8durationIxSt5ratioILx1ELx1EEEEE16time_since_epochEv
FN:953,_ZNKSt6chrono10time_pointINS_3_V212steady_clockENS_8durationIxSt5ratioILx1ELx1000000000EEEEE16time_since_epochEv
FN:953,_ZNKSt6chrono10time_pointINS_3_V212system_clockENS_8durationIxSt5ratioILx1ELx1000000000EEEEE16time_since_epochEv
FN:1023,_ZNSt6chrono15time_point_castINS_8durationIxSt5ratioILx1ELx1000000000EEEENS_3_V212system_clockENS1_IxS2_ILx1ELx1EEEEEENSt9enable_ifIXsrNS_13__is_durationIT_EE5valueENS_10time_pointIT0_SB_EEE4typeERKNSD_ISE_T1_EE
FN:1145,_ZNSt6chronomiINS_3_V212system_clockENS_8durationIxSt5ratioILx1ELx1000000000EEEES6_EENSt11common_typeIJT0_T1_EE4typeERKNS_10time_pointIT_S8_EERKNSC_ISD_S9_EE
FN:1145,_ZNSt6chronomiINS_3_V212steady_clockENS_8durationIxSt5ratioILx1ELx1000000000EEEES6_EENSt11common_typeIJT0_T1_EE4typeERKNS_10time_pointIT_S8_EERKNSC_ISD_S9_EE
FNDA:25,_ZNKSt6chrono8durationIxSt5ratioILx1ELx1EEE5countEv
FNDA:25,_ZNSt6chrono10time_pointINS_3_V212system_clockENS_8durationIxSt5ratioILx1ELx1EEEEEC1ERKS6_
FNDA:25,_ZNSt6chronomiINS_3_V212system_clockENS_8durationIxSt5ratioILx1ELx1000000000EEEES6_EENSt11common_typeIJT0_T1_EE4typeERKNS_10time_pointIT_S8_EERKNSC_ISD_S9_EE
FNDA:47,_ZNSt6chrono8durationIxSt5ratioILx1ELx1000EEEC1IxvEERKT_
FNDA:47,_ZNKSt6chrono8durationIxSt5ratioILx1ELx1000EEE5countEv
FNDA:25,_ZNSt6chrono20__duration_cast_implINS_8durationIxSt5ratioILx1ELx1000000000EEEES2_ILx1000000000ELx1EExLb0ELb1EE6__castIxS2_ILx1ELx1EEEES4_RKNS1_IT_T0_EE
FNDA:25,_ZNSt6chrono15time_point_castINS_8durationIxSt5ratioILx1ELx1000000000EEEENS_3_V212system_clockENS1_IxS2_ILx1ELx1EEEEEENSt9enable_ifIXsrNS_13__is_durationIT_EE5valueENS_10time_pointIT0_SB_EEE4typeERKNSD_ISE_T1_EE
FNDA:25,_ZNSt6chrono13duration_castINS_8durationIxSt5ratioILx1ELx1000000000EEEExS2_ILx1ELx1EEEENSt9enable_ifIXsrNS_13__is_durationIT_EE5valueES8_E4typeERKNS1_IT0_T1_EE
FNDA:141,_ZNKSt6chrono8durationIxSt5ratioILx1ELx1000000000EEE5countEv
FNDA:25,_ZNSt6chrono8durationIxSt5ratioILx1ELx1EEEC1IxvEERKT_
FNDA:25,_ZNKSt6chrono10time_pointINS_3_V212system_clockENS_8durationIxSt5ratioILx1ELx1EEEEE16time_since_epochEv
FNDA:47,_ZNSt6chrono20__duration_cast_implINS_8durationIxSt5ratioILx1ELx1000EEEES2_ILx1ELx1000000EExLb1ELb0EE6__castIxS2_ILx1ELx1000000000EEEES4_RKNS1_IT_T0_EE
FNDA:47,_ZNSt6chronomiIxSt5ratioILx1ELx1000000000EExS2_EENSt11common_typeIJNS_8durationIT_T0_EENS4_IT1_T2_EEEE4typeERKS7_RKSA_
FNDA:22,_ZNSt6chronomiINS_3_V212steady_clockENS_8durationIxSt5ratioILx1ELx1000000000EEEES6_EENSt11common_typeIJT0_T1_EE4typeERKNS_10time_pointIT_S8_EERKNSC_ISD_S9_EE
FNDA:25,_ZNSt6chrono10time_pointINS_3_V212system_clockENS_8durationIxSt5ratioILx1ELx1000000000EEEEEC1ERKS6_
FNDA:47,_ZNSt6chrono13duration_castINS_8durationIxSt5ratioILx1ELx1000EEEExS2_ILx1ELx1000000000EEEENSt9enable_ifIXsrNS_13__is_durationIT_EE5valueES8_E4typeERKNS1_IT0_T1_EE
FNDA:50,_ZNKSt6chrono10time_pointINS_3_V212system_clockENS_8durationIxSt5ratioILx1ELx1000000000EEEEE16time_since_epochEv
FNDA:44,_ZNKSt6chrono10time_pointINS_3_V212steady_clockENS_8durationIxSt5ratioILx1ELx1000000000EEEEE16time_since_epochEv
FNDA:72,_ZNSt6chrono8durationIxSt5ratioILx1ELx1000000000EEEC1IxvEERKT_
FNF:19
FNH:19
DA:214,47
DA:217,94
DA:218,47
DA:227,25
DA:230,50
DA:231,25
DA:279,72
DA:293,72
DA:577,144
DA:578,144
DA:593,213
DA:594,213
DA:714,47
DA:720,47
DA:940,50
DA:941,50
DA:942,50
DA:953,119
DA:954,119
DA:1023,25
DA:1026,25
DA:1145,47
DA:1147,47
DA:1261,25
LF:24
LH:24
end_of_record
TN:
SF:C:\mingw64\include\c++\15.2.0\bits\cpp_type_traits.h
FN:698,_ZSt12__miter_baseIPNSt7__cxx1112basic_stringIcSt11char_traitsIcESaIcEEEET_S7_
FN:698,_ZSt12__miter_baseIN9__gnu_cxx17__normal_iteratorIPPN7testing8TestInfoESt6vectorIS4_SaIS4_EEEEET_SA_
FN:698,_ZSt12__miter_baseIPPN7testing8TestInfoEET_S4_
FN:698,_ZSt12__miter_baseIN9__gnu_cxx17__normal_iteratorIPiSt6vectorIiSaIiEEEEET_S7_
FN:698,_ZSt12__miter_baseIN9__gnu_cxx17__normal_iteratorIPPN7testing17TestEventListenerESt6vectorIS4_SaIS4_EEEEET_SA_
FN:698,_ZSt12__miter_baseIN9__gnu_cxx17__normal_iteratorIPNSt7__cxx1112basic_stringIcSt11char_traitsIcESaIcEEESt6vectorIS7_SaIS7_EEEEET_SD_
FN:698,_ZSt12__miter_baseIPPN7testing9TestSuiteEET_S4_
FNDA:0,_ZSt12__miter_baseIPPN7testing9TestSuiteEET_S4_
FNDA:108,_ZSt12__miter_baseIN9__gnu_cxx17__normal_iteratorIPNSt7__cxx1112basic_stringIcSt11char_traitsIcESaIcEEESt6vectorIS7_SaIS7_EEEEET_SD_
FNDA:6,_ZSt12__miter_baseIN9__gnu_cxx17__normal_iteratorIPPN7testing8TestInfoESt6vectorIS4_SaIS4_EEEEET_SA_
FNDA:6,_ZSt12__miter_baseIN9__gnu_cxx17__normal_iteratorIPiSt6vectorIiSaIiEEEEET_S7_
FNDA:0,_ZSt12__miter_baseIN9__gnu_cxx17__normal_iteratorIPPN7testing17TestEventListenerESt6vectorIS4_SaIS4_EEEEET_SA_
FNDA:0,_ZSt12__miter_baseIPPN7testing8TestInfoEET_S4_
FNDA:0,_ZSt12__miter_baseIPNSt7__cxx1112basic_stringIcSt11char_traitsIcESaIcEEEET_S7_
FNF:7
FNH:3
DA:698,120
DA:699,120
LF:2
LH:2
end_of_record
TN:
SF:C:\mingw64\include\c++\15.2.0\bits\functional_hash.h
FN:175,_ZNKSt4hashIyEclEy
FN:207,_ZNSt10_Hash_impl4hashEPKvyy
FNDA:0,_ZNKSt4hashIyEclEy
FNDA:219,_ZNSt10_Hash_impl4hashEPKvyy
FNF:2
FNH:1
DA:175,0
DA:207,219
DA:209,219
LF:3
LH:2
end_of_record
TN:
SF:C:\mingw64\include\c++\15.2.0\bits\hashtable.h
FN:298,_ZNSt10_HashtableINSt7__cxx1112basic_stringIcSt11char_traitsIcESaIcEEES5_SaIS5_ENSt8__detail9_IdentityESt8equal_toIS5_ESt4hashIS5_ENS7_18_Mod_range_hashingENS7_20_Default_ranged_hashENS7_20_Prime_rehash_policyENS7_17_Hashtable_traitsILb1ELb1ELb1EEEE12_Scoped_nodeC1EPNS7_10_Hash_nodeIS5_Lb1EEEPNS7_16_Hashtable_allocISaISL_EEE
FN:298,_ZNSt10_HashtableINSt7__cxx1112basic_stringIcSt11char_traitsIcESaIcEEESt4pairIKS5_PN7testing9TestSuiteEESaISB_ENSt8__detail10_Select1stESt8equal_toIS5_ESt4hashIS5_ENSD_18_Mod_range_hashingENSD_20_Default_ranged_hashENSD_20_Prime_rehash_policyENSD_17_Hashtable_traitsILb1ELb0ELb1EEEE12_Scoped_nodeC1EPNSD_10_Hash_nodeISB_Lb1EEEPNSD_16_Hashtable_allocISaISR_EEE
FN:303,_ZNSt10_HashtableIySt4pairIKyN7testing8internal12CallReactionEESaIS5_ENSt8__detail10_Select1stESt8equal_toIyESt4hashIyENS7_18_Mod_range_hashingENS7_20_Default_ranged_hashENS7_20_Prime_rehash_policyENS7_17_Hashtable_traitsILb0ELb0ELb1EEEE12_Scoped_nodeC1IJRKSt21piecewise_construct_tSt5tupleIJOyEESO_IJEEEEEPNS7_16_Hashtable_allocISaINS7_10_Hash_nodeIS5_Lb0EEEEEEDpOT_
FN:303,_ZNSt10_HashtableIySt4pairIKyN7testing8internal12CallReactionEESaIS5_ENSt8__detail10_Select1stESt8equal_toIyESt4hashIyENS7_18_Mod_range_hashingENS7_20_Default_ranged_hashENS7_20_Prime_rehash_policyENS7_17_Hashtable_traitsILb0ELb0ELb1EEEE12_Scoped_nodeC1IJRKSt21piecewise_construct_tSt5tupleIJRS1_EESO_IJEEEEEPNS7_16_Hashtable_allocISaINS7_10_Hash_nodeIS5_Lb0EEEEEEDpOT_
FN:309,_ZNSt10_HashtableINSt7__cxx1112basic_stringIcSt11char_traitsIcESaIcEEESt4pairIKS5_PN7testing9TestSuiteEESaISB_ENSt8__detail10_Select1stESt8equal_toIS5_ESt4hashIS5_ENSD_18_Mod_range_hashingENSD_20_Default_ranged_hashENSD_20_Prime_rehash_policyENSD_17_Hashtable_traitsILb1ELb0ELb1EEEE12_Scoped_nodeD1Ev
FN:309,_ZNSt10_HashtableINSt7__cxx1112basic_stringIcSt11char_traitsIcESaIcEEES5_SaIS5_ENSt8__detail9_IdentityESt8equal_toIS5_ESt4hashIS5_ENS7_18_Mod_range_hashingENS7_20_Default_ranged_hashENS7_20_Prime_rehash_policyENS7_17_Hashtable_traitsILb1ELb1ELb1EEEE12_Scoped_nodeD1Ev
FN:309,_ZNSt10_HashtableIySt4pairIKyN7testing8internal12CallReactionEESaIS5_ENSt8__detail10_Select1stESt8equal_toIyESt4hashIyENS7_18_Mod_range_hashingENS7_20_Default_ranged_hashENS7_20_Prime_rehash_policyENS7_17_Hashtable_traitsILb0ELb0ELb1EEEE12_Scoped_nodeD1Ev
FN:373,_ZNSt10_HashtableINSt7__cxx1112basic_stringIcSt11char_traitsIcESaIcEEES5_SaIS5_ENSt8__detail9_IdentityESt8equal_toIS5_ESt4hashIS5_ENS7_18_Mod_range_hashingENS7_20_Default_ranged_hashENS7_20_Prime_rehash_policyENS7_17_Hashtable_traitsILb1ELb1ELb1EEEE16_M_update_bbeginEv
FN:387,_ZNKSt10_HashtableINSt7__cxx1112basic_stringIcSt11char_traitsIcESaIcEEESt4pairIKS5_PN7testing9TestSuiteEESaISB_ENSt8__detail10_Select1stESt8equal_toIS5_ESt4hashIS5_ENSD_18_Mod_range_hashingENSD_20_Default_ranged_hashENSD_20_Prime_rehash_policyENSD_17_Hashtable_traitsILb1ELb0ELb1EEEE21_M_uses_single_bucketEPPNSD_15_Hash_node_baseE
FN:387,_ZNKSt10_HashtableINSt7__cxx1112basic_stringIcSt11char_traitsIcESaIcEEES5_SaIS5_ENSt8__detail9_IdentityESt8equal_toIS5_ESt4hashIS5_ENS7_18_Mod_range_hashingENS7_20_Default_ranged_hashENS7_20_Prime_rehash_policyENS7_17_Hashtable_traitsILb1ELb1ELb1EEEE21_M_uses_single_bucketEPPNS7_15_Hash_node_baseE
FN:387,_ZNKSt10_HashtableIySt4pairIKyN7testing8internal12CallReactionEESaIS5_ENSt8__detail10_Select1stESt8equal_toIyESt4hashIyENS7_18_Mod_range_hashingENS7_20_Default_ranged_hashENS7_20_Prime_rehash_policyENS7_17_Hashtable_traitsILb0ELb0ELb1EEEE21_M_uses_single_bucketEPPNS7_15_Hash_node_baseE
FN:387,_ZNKSt10_HashtableINSt7__cxx1112basic_stringIcSt11char_traitsIcESaIcEEESt4pairIKS5_yESaIS8_ENSt8__detail10_Select1stESt8equal_toIS5_ESt4hashIS5_ENSA_18_Mod_range_hashingENSA_20_Default_ranged_hashENSA_20_Prime_rehash_policyENSA_17_Hashtable_traitsILb1ELb0ELb1EEEE21_M_uses_single_bucketEPPNSA_15_Hash_node_baseE
FN:391,_ZNKSt10_HashtableINSt7__cxx1112basic_stringIcSt11char_traitsIcESaIcEEES5_SaIS5_ENSt8__detail9_IdentityESt8equal_toIS5_ESt4hashIS5_ENS7_18_Mod_range_hashingENS7_20_Default_ranged_hashENS7_20_Prime_rehash_policyENS7_17_Hashtable_traitsILb1ELb1ELb1EEEE21_M_uses_single_bucketEv
FN:395,_ZNSt10_HashtableIySt4pairIKyN7testing8internal12CallReactionEESaIS5_ENSt8__detail10_Select1stESt8equal_toIyESt4hashIyENS7_18_Mod_range_hashingENS7_20_Default_ranged_hashENS7_20_Prime_rehash_policyENS7_17_Hashtable_traitsILb0ELb0ELb1EEEE22__small_size_thresholdEv
FN:395,_ZNSt10_HashtableINSt7__cxx1112basic_stringIcSt11char_traitsIcESaIcEEES5_SaIS5_ENSt8__detail9_IdentityESt8equal_toIS5_ESt4hashIS5_ENS7_18_Mod_range_hashingENS7_20_Default_ranged_hashENS7_20_Prime_rehash_policyENS7_17_Hashtable_traitsILb1ELb1ELb1EEEE22__small_size_thresholdEv
FN:395,_ZNSt10_HashtableINSt7__cxx1112basic_stringIcSt11char_traitsIcESaIcEEESt4pairIKS5_PN7testing9TestSuiteEESaISB_ENSt8__detail10_Select1stESt8equal_toIS5_ESt4hashIS5_ENSD_18_Mod_range_hashingENSD_20_Default_ranged_hashENSD_20_Prime_rehash_policyENSD_17_Hashtable_traitsILb1ELb0ELb1EEEE22__small_size_thresholdEv
FN:405,_ZNSt10_HashtableINSt7__cxx1112basic_stringIcSt11char_traitsIcESaIcEEES5_SaIS5_ENSt8__detail9_IdentityESt8equal_toIS5_ESt4hashIS5_ENS7_18_Mod_range_hashingENS7_20_Default_ranged_hashENS7_20_Prime_rehash_policyENS7_17_Hashtable_traitsILb1ELb1ELb1EEEE19_M_allocate_bucketsEy
FN:405,_ZNSt10_HashtableINSt7__cxx1112basic_stringIcSt11char_traitsIcESaIcEEESt4pairIKS5_PN7testing9TestSuiteEESaISB_ENSt8__detail10_Select1stESt8equal_toIS5_ESt4hashIS5_ENSD_18_Mod_range_hashingENSD_20_Default_ranged_hashENSD_20_Prime_rehash_policyENSD_17_Hashtable_traitsILb1ELb0ELb1EEEE19_M_allocate_bucketsEy
FN:405,_ZNSt10_HashtableIySt4pairIKyN7testing8internal12CallReactionEESaIS5_ENSt8__detail10_Select1stESt8equal_toIyESt4hashIyENS7_18_Mod_range_hashingENS7_20_Default_ranged_hashENS7_20_Prime_rehash_policyENS7_17_Hashtable_traitsILb0ELb0ELb1EEEE19_M_allocate_bucketsEy
FN:417,_ZNSt10_HashtableINSt7__cxx1112basic_stringIcSt11char_traitsIcESaIcEEES5_SaIS5_ENSt8__detail9_IdentityESt8equal_toIS5_ESt4hashIS5_ENS7_18_Mod_range_hashingENS7_20_Default_ranged_hashENS7_20_Prime_rehash_policyENS7_17_Hashtable_traitsILb1ELb1ELb1EEEE21_M_deallocate_bucketsEPPNS7_15_Hash_node_baseEy
FN:417,_ZNSt10_HashtableIySt4pairIKyN7testing8internal12CallReactionEESaIS5_ENSt8__detail10_Select1stESt8equal_toIyESt4hashIyENS7_18_Mod_range_hashingENS7_20_Default_ranged_hashENS7_20_Prime_rehash_policyENS7_17_Hashtable_traitsILb0ELb0ELb1EEEE21_M_deallocate_bucketsEPPNS7_15_Hash_node_baseEy
FN:417,_ZNSt10_HashtableINSt7__cxx1112basic_stringIcSt11char_traitsIcESaIcEEESt4pairIKS5_PN7testing9TestSuiteEESaISB_ENSt8__detail10_Select1stESt8equal_toIS5_ESt4hashIS5_ENSD_18_Mod_range_hashingENSD_20_Default_ranged_hashENSD_20_Prime_rehash_policyENSD_17_Hashtable_traitsILb1ELb0ELb1EEEE21_M_deallocate_bucketsEPPNSD_15_Hash_node_baseEy
FN:417,_ZNSt10_HashtableINSt7__cxx1112basic_stringIcSt11char_traitsIcESaIcEEESt4pairIKS5_yESaIS8_ENSt8__detail10_Select1stESt8equal_toIS5_ESt4hashIS5_ENSA_18_Mod_range_hashingENSA_20_Default_ranged_hashENSA_20_Prime_rehash_policyENSA_17_Hashtable_traitsILb1ELb0ELb1EEEE21_M_deallocate_bucketsEPPNSA_15_Hash_node_baseEy
FN:426,_ZNSt10_HashtableINSt7__cxx1112basic_stringIcSt11char_traitsIcESaIcEEES5_SaIS5_ENSt8__detail9_IdentityESt8equal_toIS5_ESt4hashIS5_ENS7_18_Mod_range_hashingENS7_20_Default_ranged_hashENS7_20_Prime_rehash_policyENS7_17_Hashtable_traitsILb1ELb1ELb1EEEE21_M_deallocate_bucketsEv
FN:426,_ZNSt10_HashtableINSt7__cxx1112basic_stringIcSt11char_traitsIcESaIcEEESt4pairIKS5_PN7testing9TestSuiteEESaISB_ENSt8__detail10_Select1stESt8equal_toIS5_ESt4hashIS5_ENSD_18_Mod_range_hashingENSD_20_Default_ranged_hashENSD_20_Prime_rehash_policyENSD_17_Hashtable_traitsILb1ELb0ELb1EEEE21_M_deallocate_bucketsEv
FN:426,_ZNSt10_HashtableINSt7__cxx1112basic_stringIcSt11char_traitsIcESaIcEEESt4pairIKS5_yESaIS8_ENSt8__detail10_Select1stESt8equal_toIS5_ESt4hashIS5_ENSA_18_Mod_range_hashingENSA_20_Default_ranged_hashENSA_20_Prime_rehash_policyENSA_17_Hashtable_traitsILb1ELb0ELb1EEEE21_M_deallocate_bucketsEv
FN:426,_ZNSt10_HashtableIySt4pairIKyN7testing8internal12CallReactionEESaIS5_ENSt8__detail10_Select1stESt8equal_toIyESt4hashIyENS7_18_Mod_range_hashingENS7_20_Default_ranged_hashENS7_20_Prime_rehash_policyENS7_17_Hashtable_traitsILb0ELb0ELb1EEEE21_M_deallocate_bucketsEv
FN:439,_ZNKSt10_HashtableIySt4pairIKyN7testing8internal12CallReactionEESaIS5_ENSt8__detail10_Select1stESt8equal_toIyESt4hashIyENS7_18_Mod_range_hashingENS7_20_Default_ranged_hashENS7_20_Prime_rehash_policyENS7_17_Hashtable_traitsILb0ELb0ELb1EEEE8_M_beginEv
FN:439,_ZNKSt10_HashtableINSt7__cxx1112basic_stringIcSt11char_traitsIcESaIcEEESt4pairIKS5_PN7testing9TestSuiteEESaISB_ENSt8__detail10_Select1stESt8equal_toIS5_ESt4hashIS5_ENSD_18_Mod_range_hashingENSD_20_Default_ranged_hashENSD_20_Prime_rehash_policyENSD_17_Hashtable_traitsILb1ELb0ELb1EEEE8_M_beginEv
FN:439,_ZNKSt10_HashtableINSt7__cxx1112basic_stringIcSt11char_traitsIcESaIcEEES5_SaIS5_ENSt8__detail9_IdentityESt8equal_toIS5_ESt4hashIS5_ENS7_18_Mod_range_hashingENS7_20_Default_ranged_hashENS7_20_Prime_rehash_policyENS7_17_Hashtable_traitsILb1ELb1ELb1EEEE8_M_beginEv
FN:439,_ZNKSt10_HashtableINSt7__cxx1112basic_stringIcSt11char_traitsIcESaIcEEESt4pairIKS5_yESaIS8_ENSt8__detail10_Select1stESt8equal_toIS5_ESt4hashIS5_ENSA_18_Mod_range_hashingENSA_20_Default_ranged_hashENSA_20_Prime_rehash_policyENSA_17_Hashtable_traitsILb1ELb0ELb1EEEE8_M_beginEv
FN:513,_ZNSt10_HashtableINSt7__cxx1112basic_stringIcSt11char_traitsIcESaIcEEES5_SaIS5_ENSt8__detail9_IdentityESt8equal_toIS5_ESt4hashIS5_ENS7_18_Mod_range_hashingENS7_20_Default_ranged_hashENS7_20_Prime_rehash_policyENS7_17_Hashtable_traitsILb1ELb1ELb1EEEEC1Ev
FN:513,_ZNSt10_HashtableIySt4pairIKyN7testing8internal12CallReactionEESaIS5_ENSt8__detail10_Select1stESt8equal_toIyESt4hashIyENS7_18_Mod_range_hashingENS7_20_Default_ranged_hashENS7_20_Prime_rehash_policyENS7_17_Hashtable_traitsILb0ELb0ELb1EEEEC1Ev
FN:513,_ZNSt10_HashtableINSt7__cxx1112basic_stringIcSt11char_traitsIcESaIcEEESt4pairIKS5_yESaIS8_ENSt8__detail10_Select1stESt8equal_toIS5_ESt4hashIS5_ENSA_18_Mod_range_hashingENSA_20_Default_ranged_hashENSA_20_Prime_rehash_policyENSA_17_Hashtable_traitsILb1ELb0ELb1EEEEC1Ev
FN:513,_ZNSt10_HashtableINSt7__cxx1112basic_stringIcSt11char_traitsIcESaIcEEESt4pairIKS5_PN7testing9TestSuiteEESaISB_ENSt8__detail10_Select1stESt8equal_toIS5_ESt4hashIS5_ENSD_18_Mod_range_hashingENSD_20_Default_ranged_hashENSD_20_Prime_rehash_policyENSD_17_Hashtable_traitsILb1ELb0ELb1EEEEC1Ev
FN:567,_ZNSt10_HashtableINSt7__cxx1112basic_stringIcSt11char_traitsIcESaIcEEES5_SaIS5_ENSt8__detail9_IdentityESt8equal_toIS5_ESt4hashIS5_ENS7_18_Mod_range_hashingENS7_20_Default_ranged_hashENS7_20_Prime_rehash_policyENS7_17_Hashtable_traitsILb1ELb1ELb1EEEEaSEOSI_
FN:637,_ZNSt10_HashtableINSt7__cxx1112basic_stringIcSt11char_traitsIcESaIcEEES5_SaIS5_ENSt8__detail9_IdentityESt8equal_toIS5_ESt4hashIS5_ENS7_18_Mod_range_hashingENS7_20_Default_ranged_hashENS7_20_Prime_rehash_policyENS7_17_Hashtable_traitsILb1ELb1ELb1EEEE5beginEv
FN:645,_ZNSt10_HashtableINSt7__cxx1112basic_stringIcSt11char_traitsIcESaIcEEESt4pairIKS5_PN7testing9TestSuiteEESaISB_ENSt8__detail10_Select1stESt8equal_toIS5_ESt4hashIS5_ENSD_18_Mod_range_hashingENSD_20_Default_ranged_hashENSD_20_Prime_rehash_policyENSD_17_Hashtable_traitsILb1ELb0ELb1EEEE3endEv
FN:649,_ZNKSt10_HashtableINSt7__cxx1112basic_stringIcSt11char_traitsIcESaIcEEES5_SaIS5_ENSt8__detail9_IdentityESt8equal_toIS5_ESt4hashIS5_ENS7_18_Mod_range_hashingENS7_20_Default_ranged_hashENS7_20_Prime_rehash_policyENS7_17_Hashtable_traitsILb1ELb1ELb1EEEE3endEv
FN:661,_ZNKSt10_HashtableIySt4pairIKyN7testing8internal12CallReactionEESaIS5_ENSt8__detail10_Select1stESt8equal_toIyESt4hashIyENS7_18_Mod_range_hashingENS7_20_Default_ranged_hashENS7_20_Prime_rehash_policyENS7_17_Hashtable_traitsILb0ELb0ELb1EEEE4sizeEv
FN:661,_ZNKSt10_HashtableINSt7__cxx1112basic_stringIcSt11char_traitsIcESaIcEEES5_SaIS5_ENSt8__detail9_IdentityESt8equal_toIS5_ESt4hashIS5_ENS7_18_Mod_range_hashingENS7_20_Default_ranged_hashENS7_20_Prime_rehash_policyENS7_17_Hashtable_traitsILb1ELb1ELb1EEEE4sizeEv
FN:661,_ZNKSt10_HashtableINSt7__cxx1112basic_stringIcSt11char_traitsIcESaIcEEESt4pairIKS5_PN7testing9TestSuiteEESaISB_ENSt8__detail10_Select1stESt8equal_toIS5_ESt4hashIS5_ENSD_18_Mod_range_hashingENSD_20_Default_ranged_hashENSD_20_Prime_rehash_policyENSD_17_Hashtable_traitsILb1ELb0ELb1EEEE4sizeEv
FN:806,_ZNKSt10_HashtableINSt7__cxx1112basic_stringIcSt11char_traitsIcESaIcEEESt4pairIKS5_PN7testing9TestSuiteEESaISB_ENSt8__detail10_Select1stESt8equal_toIS5_ESt4hashIS5_ENSD_18_Mod_range_hashingENSD_20_Default_ranged_hashENSD_20_Prime_rehash_policyENSD_17_Hashtable_traitsILb1ELb0ELb1EEEE15_M_bucket_indexERKNSD_16_Hash_node_valueISB_Lb1EEE
FN:806,_ZNKSt10_HashtableINSt7__cxx1112basic_stringIcSt11char_traitsIcESaIcEEES5_SaIS5_ENSt8__detail9_IdentityESt8equal_toIS5_ESt4hashIS5_ENS7_18_Mod_range_hashingENS7_20_Default_ranged_hashENS7_20_Prime_rehash_policyENS7_17_Hashtable_traitsILb1ELb1ELb1EEEE15_M_bucket_indexERKNS7_16_Hash_node_valueIS5_Lb1EEE
FN:806,_ZNKSt10_HashtableIySt4pairIKyN7testing8internal12CallReactionEESaIS5_ENSt8__detail10_Select1stESt8equal_toIyESt4hashIyENS7_18_Mod_range_hashingENS7_20_Default_ranged_hashENS7_20_Prime_rehash_policyENS7_17_Hashtable_traitsILb0ELb0ELb1EEEE15_M_bucket_indexERKNS7_16_Hash_node_valueIS5_Lb0EEE
FN:810,_ZNKSt10_HashtableINSt7__cxx1112basic_stringIcSt11char_traitsIcESaIcEEES5_SaIS5_ENSt8__detail9_IdentityESt8equal_toIS5_ESt4hashIS5_ENS7_18_Mod_range_hashingENS7_20_Default_ranged_hashENS7_20_Prime_rehash_policyENS7_17_Hashtable_traitsILb1ELb1ELb1EEEE15_M_bucket_indexEy
FN:810,_ZNKSt10_HashtableIySt4pairIKyN7testing8internal12CallReactionEESaIS5_ENSt8__detail10_Select1stESt8equal_toIyESt4hashIyENS7_18_Mod_range_hashingENS7_20_Default_ranged_hashENS7_20_Prime_rehash_policyENS7_17_Hashtable_traitsILb0ELb0ELb1EEEE15_M_bucket_indexEy
FN:810,_ZNKSt10_HashtableINSt7__cxx1112basic_stringIcSt11char_traitsIcESaIcEEESt4pairIKS5_PN7testing9TestSuiteEESaISB_ENSt8__detail10_Select1stESt8equal_toIS5_ESt4hashIS5_ENSD_18_Mod_range_hashingENSD_20_Default_ranged_hashENSD_20_Prime_rehash_policyENSD_17_Hashtable_traitsILb1ELb0ELb1EEEE15_M_bucket_indexEy
FN:842,_ZNKSt10_HashtableINSt7__cxx1112basic_stringIcSt11char_traitsIcESaIcEEES5_SaIS5_ENSt8__detail9_IdentityESt8equal_toIS5_ESt4hashIS5_ENS7_18_Mod_range_hashingENS7_20_Default_ranged_hashENS7_20_Prime_rehash_policyENS7_17_Hashtable_traitsILb1ELb1ELb1EEEE13_M_store_codeERNS7_16_Hash_node_valueIS5_Lb1EEEy
FN:842,_ZNKSt10_HashtableINSt7__cxx1112basic_stringIcSt11char_traitsIcESaIcEEESt4pairIKS5_PN7testing9TestSuiteEESaISB_ENSt8__detail10_Select1stESt8equal_toIS5_ESt4hashIS5_ENSD_18_Mod_range_hashingENSD_20_Default_ranged_hashENSD_20_Prime_rehash_policyENSD_17_Hashtable_traitsILb1ELb0ELb1EEEE13_M_store_codeERNSD_16_Hash_node_valueISB_Lb1EEEy
FN:842,_ZNKSt10_HashtableIySt4pairIKyN7testing8internal12CallReactionEESaIS5_ENSt8__detail10_Select1stESt8equal_toIyESt4hashIyENS7_18_Mod_range_hashingENS7_20_Default_ranged_hashENS7_20_Prime_rehash_policyENS7_17_Hashtable_traitsILb0ELb0ELb1EEEE13_M_store_codeERNS7_16_Hash_node_valueIS5_Lb0EEEy
FN:864,_ZNKSt10_HashtableINSt7__cxx1112basic_stringIcSt11char_traitsIcESaIcEEES5_SaIS5_ENSt8__detail9_IdentityESt8equal_toIS5_ESt4hashIS5_ENS7_18_Mod_range_hashingENS7_20_Default_ranged_hashENS7_20_Prime_rehash_policyENS7_17_Hashtable_traitsILb1ELb1ELb1EEEE15__location_typecvbEv
FN:864,_ZNKSt10_HashtableIySt4pairIKyN7testing8internal12CallReactionEESaIS5_ENSt8__detail10_Select1stESt8equal_toIyESt4hashIyENS7_18_Mod_range_hashingENS7_20_Default_ranged_hashENS7_20_Prime_rehash_policyENS7_17_Hashtable_traitsILb0ELb0ELb1EEEE15__location_typecvbEv
FN:864,_ZNKSt10_HashtableINSt7__cxx1112basic_stringIcSt11char_traitsIcESaIcEEESt4pairIKS5_PN7testing9TestSuiteEESaISB_ENSt8__detail10_Select1stESt8equal_toIS5_ESt4hashIS5_ENSD_18_Mod_range_hashingENSD_20_Default_ranged_hashENSD_20_Prime_rehash_policyENSD_17_Hashtable_traitsILb1ELb0ELb1EEEE15__location_typecvbEv
FN:868,_ZNKSt10_HashtableINSt7__cxx1112basic_stringIcSt11char_traitsIcESaIcEEESt4pairIKS5_PN7testing9TestSuiteEESaISB_ENSt8__detail10_Select1stESt8equal_toIS5_ESt4hashIS5_ENSD_18_Mod_range_hashingENSD_20_Default_ranged_hashENSD_20_Prime_rehash_policyENSD_17_Hashtable_traitsILb1ELb0ELb1EEEE15__location_typecvNSD_14_Node_iteratorISB_Lb0ELb1EEEEv
FN:868,_ZNKSt10_HashtableINSt7__cxx1112basic_stringIcSt11char_traitsIcESaIcEEES5_SaIS5_ENSt8__detail9_IdentityESt8equal_toIS5_ESt4hashIS5_ENS7_18_Mod_range_hashingENS7_20_Default_ranged_hashENS7_20_Prime_rehash_policyENS7_17_Hashtable_traitsILb1ELb1ELb1EEEE15__location_typecvNS7_14_Node_iteratorIS5_Lb1ELb1EEEEv
FN:872,_ZNKSt10_HashtableINSt7__cxx1112basic_stringIcSt11char_traitsIcESaIcEEES5_SaIS5_ENSt8__detail9_IdentityESt8equal_toIS5_ESt4hashIS5_ENS7_18_Mod_range_hashingENS7_20_Default_ranged_hashENS7_20_Prime_rehash_policyENS7_17_Hashtable_traitsILb1ELb1ELb1EEEE15__location_typecvNS7_20_Node_const_iteratorIS5_Lb1ELb1EEEEv
FN:872,_ZNKSt10_HashtableIySt4pairIKyN7testing8internal12CallReactionEESaIS5_ENSt8__detail10_Select1stESt8equal_toIyESt4hashIyENS7_18_Mod_range_hashingENS7_20_Default_ranged_hashENS7_20_Prime_rehash_policyENS7_17_Hashtable_traitsILb0ELb0ELb1EEEE15__location_typecvNS7_20_Node_const_iteratorIS5_Lb0ELb0EEEEv
FN:876,_ZNKSt10_HashtableINSt7__cxx1112basic_stringIcSt11char_traitsIcESaIcEEESt4pairIKS5_PN7testing9TestSuiteEESaISB_ENSt8__detail10_Select1stESt8equal_toIS5_ESt4hashIS5_ENSD_18_Mod_range_hashingENSD_20_Default_ranged_hashENSD_20_Prime_rehash_policyENSD_17_Hashtable_traitsILb1ELb0ELb1EEEE15__location_type7_M_nodeEv
FN:876,_ZNKSt10_HashtableIySt4pairIKyN7testing8internal12CallReactionEESaIS5_ENSt8__detail10_Select1stESt8equal_toIyESt4hashIyENS7_18_Mod_range_hashingENS7_20_Default_ranged_hashENS7_20_Prime_rehash_policyENS7_17_Hashtable_traitsILb0ELb0ELb1EEEE15__location_type7_M_nodeEv
FN:876,_ZNKSt10_HashtableINSt7__cxx1112basic_stringIcSt11char_traitsIcESaIcEEES5_SaIS5_ENSt8__detail9_IdentityESt8equal_toIS5_ESt4hashIS5_ENS7_18_Mod_range_hashingENS7_20_Default_ranged_hashENS7_20_Prime_rehash_policyENS7_17_Hashtable_traitsILb1ELb1ELb1EEEE15__location_type7_M_nodeEv
FN:906,_ZNKSt10_HashtableIySt4pairIKyN7testing8internal12CallReactionEESaIS5_ENSt8__detail10_Select1stESt8equal_toIyESt4hashIyENS7_18_Mod_range_hashingENS7_20_Default_ranged_hashENS7_20_Prime_rehash_policyENS7_17_Hashtable_traitsILb0ELb0ELb1EEEE12_M_find_nodeEyRS1_y
FN:926,_ZNSt10_HashtableINSt7__cxx1112basic_stringIcSt11char_traitsIcESaIcEEESt4pairIKS5_PN7testing9TestSuiteEESaISB_ENSt8__detail10_Select1stESt8equal_toIS5_ESt4hashIS5_ENSD_18_Mod_range_hashingENSD_20_Default_ranged_hashENSD_20_Prime_rehash_policyENSD_17_Hashtable_traitsILb1ELb0ELb1EEEE22_M_insert_bucket_beginEyPNSD_10_Hash_nodeISB_Lb1EEE
FN:926,_ZNSt10_HashtableINSt7__cxx1112basic_stringIcSt11char_traitsIcESaIcEEES5_SaIS5_ENSt8__detail9_IdentityESt8equal_toIS5_ESt4hashIS5_ENS7_18_Mod_range_hashingENS7_20_Default_ranged_hashENS7_20_Prime_rehash_policyENS7_17_Hashtable_traitsILb1ELb1ELb1EEEE22_M_insert_bucket_beginEyPNS7_10_Hash_nodeIS5_Lb1EEE
FN:926,_ZNSt10_HashtableIySt4pairIKyN7testing8internal12CallReactionEESaIS5_ENSt8__detail10_Select1stESt8equal_toIyESt4hashIyENS7_18_Mod_range_hashingENS7_20_Default_ranged_hashENS7_20_Prime_rehash_policyENS7_17_Hashtable_traitsILb0ELb0ELb1EEEE22_M_insert_bucket_beginEyPNS7_10_Hash_nodeIS5_Lb0EEE
FN:954,_ZNSt10_HashtableIySt4pairIKyN7testing8internal12CallReactionEESaIS5_ENSt8__detail10_Select1stESt8equal_toIyESt4hashIyENS7_18_Mod_range_hashingENS7_20_Default_ranged_hashENS7_20_Prime_rehash_policyENS7_17_Hashtable_traitsILb0ELb0ELb1EEEE22_M_remove_bucket_beginEyPNS7_10_Hash_nodeIS5_Lb0EEEy
FN:1026,_ZNSt10_HashtableINSt7__cxx1112basic_stringIcSt11char_traitsIcESaIcEEESt4pairIKS5_PN7testing9TestSuiteEESaISB_ENSt8__detail10_Select1stESt8equal_toIS5_ESt4hashIS5_ENSD_18_Mod_range_hashingENSD_20_Default_ranged_hashENSD_20_Prime_rehash_policyENSD_17_Hashtable_traitsILb1ELb0ELb1EEEE7emplaceIJRS7_RKSA_EEES6_INSD_14_Node_iteratorISB_Lb0ELb1EEEbEDpOT_
FN:1073,_ZNSt10_HashtableINSt7__cxx1112basic_stringIcSt11char_traitsIcESaIcEEES5_SaIS5_ENSt8__detail9_IdentityESt8equal_toIS5_ESt4hashIS5_ENS7_18_Mod_range_hashingENS7_20_Default_ranged_hashENS7_20_Prime_rehash_policyENS7_17_Hashtable_traitsILb1ELb1ELb1EEEE6insertENS7_20_Node_const_iteratorIS5_Lb1ELb1EEEOS5_
FN:1648,_ZNSt10_HashtableINSt7__cxx1112basic_stringIcSt11char_traitsIcESaIcEEES5_SaIS5_ENSt8__detail9_IdentityESt8equal_toIS5_ESt4hashIS5_ENS7_18_Mod_range_hashingENS7_20_Default_ranged_hashENS7_20_Prime_rehash_policyENS7_17_Hashtable_traitsILb1ELb1ELb1EEEE8_M_resetEv
FN:1665,_ZNSt10_HashtableINSt7__cxx1112basic_stringIcSt11char_traitsIcESaIcEEES5_SaIS5_ENSt8__detail9_IdentityESt8equal_toIS5_ESt4hashIS5_ENS7_18_Mod_range_hashingENS7_20_Default_ranged_hashENS7_20_Prime_rehash_policyENS7_17_Hashtable_traitsILb1ELb1ELb1EEEE14_M_move_assignEOSI_St17integral_constantIbLb1EE
[...]
FNDA:0,_ZSt12__get_helperILy0EPKN7testing8internal11MatcherBaseINSt7__cxx1112basic_stringIcSt11char_traitsIcESaIcEEEEEJPKNS1_9EqMatcherIS8_EEEERT0_RSt11_Tuple_implIXT_EJSG_DpT1_EE
FNDA:0,_ZNSt10_Head_baseILy0EPKN7testing8internal11MatcherBaseISt17basic_string_viewIcSt11char_traitsIcEEEELb0EE7_M_headERSA_
FNDA:0,_ZNSt4pairIKyN7testing8internal12CallReactionEEC1IJRS0_EJLy0EEJEJEEERSt5tupleIJDpT_EERS7_IJDpT1_EESt12_Index_tupleIJXspT0_EEESG_IJXspT2_EEE
FNDA:0,_ZNSt11_Tuple_implILy0EJRKyEEC2EOS2_
FNDA:105,_ZNSt10_Head_baseILy1ESt14default_deleteIKNSt7__cxx1112basic_stringIcSt11char_traitsIcESaIcEEEELb1EEC2Ev
FNDA:0,_ZNSt10_Head_baseILy1ESt14default_deleteIN7testing8internal11ThreadLocalIPNS1_8SequenceEE18ValueHolderFactoryEELb1EE7_M_headERS9_
FNDA:12,_ZNSt11_Tuple_implILy0EJRKNSt7__cxx1112basic_stringIcSt11char_traitsIcESaIcEEEEEC2ES7_
FNDA:610,_ZNSt5tupleIJPNSt7__cxx1118basic_stringstreamIcSt11char_traitsIcESaIcEEESt14default_deleteIS5_EEEC1ILb1ELb1EEEv
FNDA:10,_ZNSt11_Tuple_implILy0EJRKPKvEEC2EOS4_
FNDA:0,_ZSt3getILy0EJPKN7testing8internal11MatcherBaseISt17basic_string_viewIcSt11char_traitsIcEEEEPKNS1_9EqMatcherINSt7__cxx1112basic_stringIcS5_SaIcEEEEEEEONSt13tuple_elementIXT_ESt5tupleIJDpT0_EEE4typeEOSM_
FNDA:10,_ZNSt11_Tuple_implILy0EJRKPKvEE7_M_headERS4_
FNDA:4,_ZSt3getILy0EJPN7testing8internal11ThreadLocalIPNS0_8SequenceEE18ValueHolderFactoryESt14default_deleteIS6_EEERNSt13tuple_elementIXT_ESt5tupleIJDpT0_EEE4typeERSE_
FNDA:18,_ZNSt11_Tuple_implILy0EJPN7testing8internal24InternalRunDeathTestFlagESt14default_deleteIS2_EEE7_M_headERKS6_
FNDA:0,_ZNSt4pairIKNSt7__cxx1112basic_stringIcSt11char_traitsIcESaIcEEEyEC1IJRS6_EJEEESt21piecewise_construct_tSt5tupleIJDpT_EESB_IJDpT0_EE
FNDA:32,_ZSt12__get_helperILy0EPN7testing8internal14GTestFlagSaverEJSt14default_deleteIS2_EEERT0_RSt11_Tuple_implIXT_EJS6_DpT1_EE
FNDA:16,_ZSt3getILy0EJRKNSt7__cxx1112basic_stringIcSt11char_traitsIcESaIcEEEEERKNSt13tuple_elementIXT_ESt5tupleIJDpT0_EEE4typeERKSC_
FNDA:0,_ZNSt4pairIKyN7testing8internal12CallReactionEEC1IJOyEJEEESt21piecewise_construct_tSt5tupleIJDpT_EES8_IJDpT0_EE
FNDA:1220,_ZSt3getILy0EJPNSt7__cxx1118basic_stringstreamIcSt11char_traitsIcESaIcEEESt14default_deleteIS5_EEERNSt13tuple_elementIXT_ESt5tupleIJDpT0_EEE4typeERSD_
FNDA:16,_ZSt3getILy1EJPN7testing8internal14GTestFlagSaverESt14default_deleteIS2_EEERNSt13tuple_elementIXT_ESt5tupleIJDpT0_EEE4typeERSA_
FNDA:0,_ZSt12__get_helperILy1ESt14default_deleteIN7testing8internal24InternalRunDeathTestFlagEEJEERT0_RSt11_Tuple_implIXT_EJS5_DpT1_EE
FNDA:0,_ZNSt11_Tuple_implILy1EJSt14default_deleteIN7testing8internal11ThreadLocalIPNS1_8SequenceEE18ValueHolderFactoryEEEE7_M_headERS9_
FNDA:0,_ZSt3getILy0EJPN7testing8internal11ThreadLocalIPNS0_31TestPartResultReporterInterfaceEE18ValueHolderFactoryESt14default_deleteIS6_EEERKNSt13tuple_elementIXT_ESt5tupleIJDpT0_EEE4typeERKSE_
FNDA:0,_ZNSt11_Tuple_implILy1EJSt14default_deleteIN7testing8internal11ThreadLocalIPNS1_31TestPartResultReporterInterfaceEE18ValueHolderFactoryEEEE7_M_headERS9_
FNDA:0,_ZNSt11_Tuple_implILy0EJPKN7testing8internal11MatcherBaseIRKSt5tupleIJRKNSt7__cxx1112basic_stringIcSt11char_traitsIcESaIcEEEEEEEPKNS1_15AnythingMatcherEEEC2ISH_JSK_EvEEOT_DpOT0_
FNDA:610,_ZNSt10_Head_baseILy1ESt14default_deleteINSt7__cxx1118basic_stringstreamIcSt11char_traitsIcESaIcEEEELb1EE7_M_headERS8_
FNDA:9,_ZNSt10_Head_baseILy1ESt14default_deleteIN7testing8internal11ThreadLocalISt6vectorINS2_9TraceInfoESaIS5_EEE18ValueHolderFactoryEELb1EEC2Ev
FNDA:10,_ZSt12__get_helperILy0ERKPKvJEERT0_RSt11_Tuple_implIXT_EJS4_DpT1_EE
FNDA:0,_ZSt3getILy1EJPKNSt7__cxx1112basic_stringIcSt11char_traitsIcESaIcEEESt14default_deleteIS6_EEERNSt13tuple_elementIXT_ESt5tupleIJDpT0_EEE4typeERSE_
FNDA:9,_ZNSt10_Head_baseILy0EPN7testing8internal16DeathTestFactoryELb0EEC2Ev
FNDA:9,_ZNSt10_Head_baseILy1ESt14default_deleteIN7testing8internal16DeathTestFactoryEELb1EEC2Ev
FNDA:0,_ZSt10make_tupleIJPKN7testing8internal11MatcherBaseIRKSt17basic_string_viewIcSt11char_traitsIcEEEEPKNS1_9EqMatcherINSt7__cxx1112basic_stringIcS5_SaIcEEEEEEESt5tupleIJDpNSt25__strip_reference_wrapperINSt5decayIT_E4typeEE6__typeEEEDpOSN_
FNDA:0,_ZNSt5tupleIJRKNSt7__cxx1112basic_stringIcSt11char_traitsIcESaIcEEEEEC1EOS8_
FNDA:0,_ZNSt11_Tuple_implILy0EJPKN7testing8internal11MatcherBaseIRKSt17basic_string_viewIcSt11char_traitsIcEEEEPKNS1_9EqMatcherINSt7__cxx1112basic_stringIcS5_SaIcEEEEEEEC2ISB_JSJ_EvEEOT_DpOT0_
FNDA:0,_ZSt12__get_helperILy1ESt14default_deleteIN7testing8internal11ThreadLocalISt6vectorINS2_9TraceInfoESaIS5_EEE18ValueHolderFactoryEEJEERT0_RSt11_Tuple_implIXT_EJSB_DpT1_EE
FNDA:2,_ZNSt11_Tuple_implILy0EJPN7testing8internal11ThreadLocalIPNS0_8SequenceEE18ValueHolderFactoryESt14default_deleteIS6_EEE7_M_headERKSA_
FNDA:0,_ZNSt10_Head_baseILy1ESt14default_deleteIKNSt7__cxx1112basic_stringIcSt11char_traitsIcESaIcEEEELb1EE7_M_headERS9_
FNDA:28,_ZNSt5tupleIJN7testing7MatcherIRKNSt7__cxx1112basic_stringIcSt11char_traitsIcESaIcEEEEEEEC1ERKSB_
FNDA:11,_ZNSt11_Tuple_implILy0EJPNSt7__cxx1112basic_stringIcSt11char_traitsIcESaIcEEESt14default_deleteIS5_EEE7_M_headERS9_
FNDA:0,_ZNSt10_Head_baseILy0EPKN7testing8internal11MatcherBaseINSt7__cxx1112basic_stringIcSt11char_traitsIcESaIcEEEEELb0EE7_M_headERSC_
FNDA:105,_ZSt3getILy0EJPKNSt7__cxx1112basic_stringIcSt11char_traitsIcESaIcEEESt14default_deleteIS6_EEERNSt13tuple_elementIXT_ESt5tupleIJDpT0_EEE4typeERSE_
FNDA:12,_ZNSt5tupleIJRKNSt7__cxx1112basic_stringIcSt11char_traitsIcESaIcEEEEEC1ILb1ELb1EEES7_
FNDA:0,_ZNSt11_Tuple_implILy0EJPKN7testing8internal11MatcherBaseINSt7__cxx1112basic_stringIcSt11char_traitsIcESaIcEEEEEPKNS1_9EqMatcherIS8_EEEEC2ISB_JSF_EvEEOT_DpOT0_
FNDA:0,_ZNSt10_Head_baseILy1ESt14default_deleteIN7testing8internal19ThreadWithParamBase8RunnableEELb1EE7_M_headERS6_
FNDA:14,_ZSt10make_tupleIJN7testing7MatcherIRKNSt7__cxx1112basic_stringIcSt11char_traitsIcESaIcEEEEEEESt5tupleIJDpNSt25__strip_reference_wrapperINSt5decayIT_E4typeEE6__typeEEEDpOSE_
FNDA:0,_ZSt12__get_helperILy1ESt14default_deleteIN7testing8internal11ThreadLocalIPNS1_8SequenceEE18ValueHolderFactoryEEJEERT0_RSt11_Tuple_implIXT_EJS9_DpT1_EE
FNDA:0,_ZNSt11_Tuple_implILy1EJSt14default_deleteIN7testing8internal24InternalRunDeathTestFlagEEEE7_M_headERS5_
FNDA:0,_ZNSt10_Head_baseILy0ERKyLb0EE7_M_headERS2_
FNDA:11,_ZNSt10_Head_baseILy1ESt14default_deleteINSt7__cxx1112basic_stringIcSt11char_traitsIcESaIcEEEELb1EEC2Ev
FNDA:0,_ZSt12__get_helperILy1ESt14default_deleteIN7testing8internal19ThreadWithParamBase8RunnableEEJEERT0_RSt11_Tuple_implIXT_EJS6_DpT1_EE
FNDA:0,_ZSt12__get_helperILy0EPKN7testing8internal11MatcherBaseIRKNSt7__cxx1112basic_stringIcSt11char_traitsIcESaIcEEEEEJPKNS1_9EqMatcherIS8_EEEERT0_RSt11_Tuple_implIXT_EJSI_DpT1_EE
FNDA:0,_ZNSt11_Tuple_implILy0EJPN7testing8internal12_GLOBAL__N_122ThreadWithParamSupport15ThreadMainParamESt14default_deleteIS4_EEE7_M_headERS8_
FNDA:9,_ZNSt10_Head_baseILy0EPN7testing8internal11ThreadLocalIPNS0_31TestPartResultReporterInterfaceEE18ValueHolderFactoryELb0EE7_M_headERS8_
FNDA:9,_ZNSt11_Tuple_implILy1EJSt14default_deleteIN7testing8internal16DeathTestFactoryEEEEC2Ev
FNDA:0,_ZNSt10_Head_baseILy0EPN7testing8internal19ThreadWithParamBase8RunnableELb0EEC2Ev
FNDA:0,_ZNSt10_Head_baseILy0ERKNSt7__cxx1112basic_stringIcSt11char_traitsIcESaIcEEELb0EE7_M_headERS8_
FNDA:610,_ZNSt11_Tuple_implILy0EJPNSt7__cxx1118basic_stringstreamIcSt11char_traitsIcESaIcEEESt14default_deleteIS5_EEEC2Ev
FNDA:0,_ZNSt10_Head_baseILy0EPKN7testing8internal11MatcherBaseIRKSt17basic_string_viewIcSt11char_traitsIcEEEELb0EE7_M_headERSC_
FNDA:0,_ZSt12__get_helperILy0EPKN7testing8internal11MatcherBaseIRKSt5tupleIJRKNSt7__cxx1112basic_stringIcSt11char_traitsIcESaIcEEEEEEEJPKNS1_15AnythingMatcherEEERT0_RSt11_Tuple_implIXT_EJSL_DpT1_EE
FNDA:32,_ZSt3getILy0EJPN7testing8internal14GTestFlagSaverESt14default_deleteIS2_EEERNSt13tuple_elementIXT_ESt5tupleIJDpT0_EEE4typeERSA_
FNDA:0,_ZNSt11_Tuple_implILy0EJPN7testing8internal11ThreadLocalISt6vectorINS1_9TraceInfoESaIS4_EEE18ValueHolderFactoryESt14default_deleteIS8_EEE7_M_headERKSC_
FNDA:0,_ZNSt10_Head_baseILy0EPN7testing8internal19ThreadWithParamBase8RunnableELb0EE7_M_headERKS5_
FNDA:610,_ZNSt11_Tuple_implILy1EJSt14default_deleteINSt7__cxx1118basic_stringstreamIcSt11char_traitsIcESaIcEEEEEEC2Ev
FNDA:0,_ZSt3getILy0EJPN7testing8internal12_GLOBAL__N_122ThreadWithParamSupport15ThreadMainParamESt14default_deleteIS4_EEERKNSt13tuple_elementIXT_ESt5tupleIJDpT0_EEE4typeERKSC_
FNDA:0,_ZSt12__get_helperILy1ESt14default_deleteIN7testing8internal16DeathTestFactoryEEJEERT0_RSt11_Tuple_implIXT_EJS5_DpT1_EE
FNDA:0,_ZNSt11_Tuple_implILy1EJSt14default_deleteIN7testing8internal11ThreadLocalISt6vectorINS2_9TraceInfoESaIS5_EEE18ValueHolderFactoryEEEE7_M_headERSB_
FNDA:0,_ZNSt10_Head_baseILy1ESt14default_deleteIN7testing8internal11ThreadLocalISt6vectorINS2_9TraceInfoESaIS5_EEE18ValueHolderFactoryEELb1EE7_M_headERSB_
FNDA:153,_ZNSt10_Head_baseILy0EPKNSt7__cxx1112basic_stringIcSt11char_traitsIcESaIcEEELb0EE7_M_headERKS8_
FNDA:0,_ZSt12__get_helperILy1ESt14default_deleteIN7testing8internal12_GLOBAL__N_122ThreadWithParamSupport15ThreadMainParamEEJEERT0_RSt11_Tuple_implIXT_EJS7_DpT1_EE
FNDA:9,_ZSt12__get_helperILy0EPN7testing8internal16DeathTestFactoryEJSt14default_deleteIS2_EEERT0_RSt11_Tuple_implIXT_EJS6_DpT1_EE
FNDA:14,_ZNSt5tupleIJN7testing7MatcherIRKNSt7__cxx1112basic_stringIcSt11char_traitsIcESaIcEEEEEEEC1IJSA_ELb1ELb1EEEDpOT_
FNDA:0,_ZNSt10_Head_baseILy0EPKN7testing8internal11MatcherBaseISt17basic_string_viewIcSt11char_traitsIcEEEELb0EEC2IS9_EEOT_
FNDA:9,_ZSt3getILy0EJPN7testing8internal11ThreadLocalISt6vectorINS1_9TraceInfoESaIS4_EEE18ValueHolderFactoryESt14default_deleteIS8_EEERNSt13tuple_elementIXT_ESt5tupleIJDpT0_EEE4typeERSG_
FNDA:0,_ZNSt11_Tuple_implILy0EJRKNSt7__cxx1112basic_stringIcSt11char_traitsIcESaIcEEEEE7_M_headERS8_
FNDA:0,_ZNSt4pairIKyN7testing8internal12CallReactionEEC1IJRS0_EJEEESt21piecewise_construct_tSt5tupleIJDpT_EES8_IJDpT0_EE
FNDA:0,_ZNSt4pairIKyN7testing8internal12CallReactionEEC1IJOyEJLy0EEJEJEEERSt5tupleIJDpT_EERS7_IJDpT1_EESt12_Index_tupleIJXspT0_EEESG_IJXspT2_EEE
FNDA:0,_ZNSt10_Head_baseILy0EPN7testing8internal19ThreadWithParamBase8RunnableELb0EE7_M_headERS5_
FNDA:18,_ZSt12__get_helperILy0EPN7testing8internal24InternalRunDeathTestFlagEJSt14default_deleteIS2_EEERKT0_RKSt11_Tuple_implIXT_EJS6_DpT1_EE
FNDA:105,_ZNSt11_Tuple_implILy0EJPKNSt7__cxx1112basic_stringIcSt11char_traitsIcESaIcEEESt14default_deleteIS6_EEEC2Ev
FNDA:9,_ZNSt10_Head_baseILy0EPN7testing8internal11ThreadLocalIPNS0_31TestPartResultReporterInterfaceEE18ValueHolderFactoryELb0EEC2Ev
FNDA:16,_ZNSt10_Head_baseILy0EPN7testing8internal14GTestFlagSaverELb0EEC2Ev
FNDA:18,_ZNSt11_Tuple_implILy0EJPN7testing8internal24InternalRunDeathTestFlagESt14default_deleteIS2_EEE7_M_headERS6_
FNDA:9,_ZNSt11_Tuple_implILy1EJSt14default_deleteIN7testing8internal11ThreadLocalISt6vectorINS2_9TraceInfoESaIS5_EEE18ValueHolderFactoryEEEEC2Ev
FNDA:0,_ZSt3getILy1EJPN7testing8internal16DeathTestFactoryESt14default_deleteIS2_EEERNSt13tuple_elementIXT_ESt5tupleIJDpT0_EEE4typeERSA_
FNDA:105,_ZSt12__get_helperILy0EPKNSt7__cxx1112basic_stringIcSt11char_traitsIcESaIcEEEJSt14default_deleteIS6_EEERT0_RSt11_Tuple_implIXT_EJSA_DpT1_EE
FNDA:4,_ZNSt11_Tuple_implILy0EJPN7testing8internal11ThreadLocalIPNS0_8SequenceEE18ValueHolderFactoryESt14default_deleteIS6_EEEC2Ev
FNDA:4,_ZNSt11_Tuple_implILy1EJSt14default_deleteIN7testing8internal11ThreadLocalIPNS1_8SequenceEE18ValueHolderFactoryEEEEC2Ev
FNDA:0,_ZSt3getILy0EJRKNSt7__cxx1112basic_stringIcSt11char_traitsIcESaIcEEEEEONSt13tuple_elementIXT_ESt5tupleIJDpT0_EEE4typeEOSC_
FNDA:11,_ZNSt10_Head_baseILy0EPNSt7__cxx1112basic_stringIcSt11char_traitsIcESaIcEEELb0EEC2Ev
FNDA:16,_ZSt12__get_helperILy0EN7testing7MatcherIRKNSt7__cxx1112basic_stringIcSt11char_traitsIcESaIcEEEEEJEERKT0_RKSt11_Tuple_implIXT_EJSB_DpT1_EE
FNDA:0,_ZNSt11_Tuple_implILy1EJSt14default_deleteIN7testing8internal12_GLOBAL__N_122ThreadWithParamSupport15ThreadMainParamEEEEC2Ev
FNDA:0,_ZSt12__get_helperILy0EPN7testing8internal12_GLOBAL__N_122ThreadWithParamSupport15ThreadMainParamEJSt14default_deleteIS4_EEERKT0_RKSt11_Tuple_implIXT_EJS8_DpT1_EE
FNDA:0,_ZSt12__get_helperILy0EPN7testing8internal11ThreadLocalIPNS0_31TestPartResultReporterInterfaceEE18ValueHolderFactoryEJSt14default_deleteIS6_EEERKT0_RKSt11_Tuple_implIXT_EJSA_DpT1_EE
FNDA:0,_ZNSt11_Tuple_implILy0EJPN7testing8internal12_GLOBAL__N_122ThreadWithParamSupport15ThreadMainParamESt14default_deleteIS4_EEE7_M_headERKS8_
FNDA:16,_ZNSt10_Head_baseILy0EN7testing7MatcherIRKNSt7__cxx1112basic_stringIcSt11char_traitsIcESaIcEEEEELb0EE7_M_headERKSB_
FNDA:0,_ZNSt11_Tuple_implILy0EJRKyEE7_M_headERS2_
FNDA:10,_ZSt3getILy0EJRKPKvEERNSt13tuple_elementIXT_ESt5tupleIJDpT0_EEE4typeERS8_
FNDA:0,_ZNSt5tupleIJOyEEC1EOS1_
FNDA:0,_ZSt3getILy0EJPN7testing8internal19ThreadWithParamBase8RunnableESt14default_deleteIS3_EEERNSt13tuple_elementIXT_ESt5tupleIJDpT0_EEE4typeERSB_
FNDA:16,_ZNSt11_Tuple_implILy0EJRKNSt7__cxx1112basic_stringIcSt11char_traitsIcESaIcEEEEE7_M_headERKS8_
FNDA:0,_ZSt3getILy0EJPN7testing8internal16DeathTestFactoryESt14default_deleteIS2_EEERKNSt13tuple_elementIXT_ESt5tupleIJDpT0_EEE4typeERKSA_
FNDA:0,_ZNSt10_Head_baseILy0EPNSt7__cxx1112basic_stringIcSt11char_traitsIcESaIcEEELb0EE7_M_headERKS7_
FNDA:0,_ZSt12__get_helperILy0EOyJEERT0_RSt11_Tuple_implIXT_EJS1_DpT1_EE
FNDA:0,_ZNSt5tupleIJRKyEEC1ILb1ELb1EEES1_
FNDA:0,_ZSt3getILy0EJPN7testing8internal19ThreadWithParamBase8RunnableESt14default_deleteIS3_EEERKNSt13tuple_elementIXT_ESt5tupleIJDpT0_EEE4typeERKSB_
FNDA:0,_ZSt3getILy0EJPKN7testing8internal11MatcherBaseIRKSt17basic_string_viewIcSt11char_traitsIcEEEEPKNS1_9EqMatcherINSt7__cxx1112basic_stringIcS5_SaIcEEEEEEEONSt13tuple_elementIXT_ESt5tupleIJDpT0_EEE4typeEOSO_
FNDA:15540,_ZNSt10_Head_baseILy0EPNSt7__cxx1118basic_stringstreamIcSt11char_traitsIcESaIcEEELb0EE7_M_headERKS7_
FNDA:9,_ZNSt10_Head_baseILy1ESt14default_deleteIN7testing8internal11ThreadLocalIPNS1_31TestPartResultReporterInterfaceEE18ValueHolderFactoryEELb1EEC2Ev
FNDA:10,_ZNSt5tupleIJRKPKvEEC1EOS4_
FNDA:1220,_ZNSt10_Head_baseILy0EPNSt7__cxx1118basic_stringstreamIcSt11char_traitsIcESaIcEEELb0EE7_M_headERS7_
FNDA:0,_ZNSt5tupleIJRKyEEC1EOS2_
FNDA:0,_ZNSt5tupleIJPKN7testing8internal11MatcherBaseINSt7__cxx1112basic_stringIcSt11char_traitsIcESaIcEEEEEPKNS1_9EqMatcherIS8_EEEEC1ISB_SF_Lb1EEEOT_OT0_
FNDA:11,_ZSt3getILy0EJPNSt7__cxx1112basic_stringIcSt11char_traitsIcESaIcEEESt14default_deleteIS5_EEERNSt13tuple_elementIXT_ESt5tupleIJDpT0_EEE4typeERSD_
FNDA:9,_ZNSt10_Head_baseILy0EPN7testing8internal11ThreadLocalISt6vectorINS1_9TraceInfoESaIS4_EEE18ValueHolderFactoryELb0EE7_M_headERSA_
FNDA:0,_ZSt3getILy1EJPNSt7__cxx1112basic_stringIcSt11char_traitsIcESaIcEEESt14default_deleteIS5_EEERNSt13tuple_elementIXT_ESt5tupleIJDpT0_EEE4typeERSD_
FNDA:0,_ZNSt10_Head_baseILy0EPN7testing8internal12_GLOBAL__N_122ThreadWithParamSupport15ThreadMainParamELb0EEC2Ev
FNDA:16,_ZSt12__get_helperILy0ERKNSt7__cxx1112basic_stringIcSt11char_traitsIcESaIcEEEJEERKT0_RKSt11_Tuple_implIXT_EJS8_DpT1_EE
FNDA:0,_ZNSt10_Head_baseILy0EOyLb0EEC2IyEEOT_
FNDA:105,_ZNSt11_Tuple_implILy1EJSt14default_deleteIKNSt7__cxx1112basic_stringIcSt11char_traitsIcESaIcEEEEEEC2Ev
FNDA:0,_ZNSt10_Head_baseILy0EOyLb0EE7_M_headERS1_
FNDA:0,_ZNSt11_Tuple_implILy0EJPKN7testing8internal11MatcherBaseISt17basic_string_viewIcSt11char_traitsIcEEEEPKNS1_9EqMatcherINSt7__cxx1112basic_stringIcS5_SaIcEEEEEEEC2IS9_JSH_EvEEOT_DpOT0_
FNDA:1220,_ZNSt11_Tuple_implILy0EJPNSt7__cxx1118basic_stringstreamIcSt11char_traitsIcESaIcEEESt14default_deleteIS5_EEE7_M_headERS9_
FNDA:18,_ZNSt10_Head_baseILy0EPN7testing8internal24InternalRunDeathTestFlagELb0EE7_M_headERKS4_
FNDA:0,_ZSt12__get_helperILy1ESt14default_deleteINSt7__cxx1112basic_stringIcSt11char_traitsIcESaIcEEEEJEERT0_RSt11_Tuple_implIXT_EJS8_DpT1_EE
FNDA:0,_ZSt10make_tupleIJPKN7testing8internal11MatcherBaseINSt7__cxx1112basic_stringIcSt11char_traitsIcESaIcEEEEEPKNS1_9EqMatcherIS8_EEEESt5tupleIJDpNSt25__strip_reference_wrapperINSt5decayIT_E4typeEE6__typeEEEDpOSJ_
FNDA:4,_ZNSt5tupleIJPN7testing8internal11ThreadLocalIPNS0_8SequenceEE18ValueHolderFactoryESt14default_deleteIS6_EEEC1ILb1ELb1EEEv
FNDA:0,_ZNSt11_Tuple_implILy0EJPKN7testing8internal11MatcherBaseIRKNSt7__cxx1112basic_stringIcSt11char_traitsIcESaIcEEEEEPKNS1_9EqMatcherIS8_EEEE7_M_headERSI_
FNDA:0,_ZSt3getILy0EJPN7testing8internal12_GLOBAL__N_122ThreadWithParamSupport15ThreadMainParamESt14default_deleteIS4_EEERNSt13tuple_elementIXT_ESt5tupleIJDpT0_EEE4typeERSC_
FNDA:0,_ZNSt11_Tuple_implILy0EJPN7testing8internal19ThreadWithParamBase8RunnableESt14default_deleteIS3_EEE7_M_headERS7_
FNDA:16,_ZNSt11_Tuple_implILy1EJSt14default_deleteIN7testing8internal14GTestFlagSaverEEEE7_M_headERS5_
FNDA:2,_ZSt12__get_helperILy0EPN7testing8internal11ThreadLocalIPNS0_8SequenceEE18ValueHolderFactoryEJSt14default_deleteIS6_EEERKT0_RKSt11_Tuple_implIXT_EJSA_DpT1_EE
FNDA:18,_ZSt12__get_helperILy0EPN7testing8internal24InternalRunDeathTestFlagEJSt14default_deleteIS2_EEERT0_RSt11_Tuple_implIXT_EJS6_DpT1_EE
FNDA:0,_ZSt16forward_as_tupleIJyEESt5tupleIJDpOT_EES3_
FNDA:9,_ZNSt11_Tuple_implILy0EJPN7testing8internal16DeathTestFactoryESt14default_deleteIS2_EEEC2Ev
FNDA:10,_ZNSt5tupleIJRKPKvEEC1ILb1ELb1EEES3_
FNDA:0,_ZSt3getILy0EJRKNSt7__cxx1112basic_stringIcSt11char_traitsIcESaIcEEEEERNSt13tuple_elementIXT_ESt5tupleIJDpT0_EEE4typeERSC_
FNDA:0,_ZNSt11_Tuple_implILy0EJOyEEC2EOS1_
FNDA:0,_ZNSt11_Tuple_implILy1EJSt14default_deleteIN7testing8internal16DeathTestFactoryEEEE7_M_headERS5_
FNDA:0,_ZSt12__get_helperILy0EPKN7testing8internal11MatcherBaseISt17basic_string_viewIcSt11char_traitsIcEEEEJPKNS1_9EqMatcherINSt7__cxx1112basic_stringIcS5_SaIcEEEEEEERT0_RSt11_Tuple_implIXT_EJSI_DpT1_EE
FNDA:9,_ZNSt11_Tuple_implILy1EJSt14default_deleteIN7testing8internal11ThreadLocalIPNS1_31TestPartResultReporterInterfaceEE18ValueHolderFactoryEEEEC2Ev
FNDA:0,_ZNSt10_Head_baseILy0EPKN7testing8internal11MatcherBaseIRKSt17basic_string_viewIcSt11char_traitsIcEEEELb0EEC2ISB_EEOT_
FNDA:0,_ZNSt5tupleIJPKN7testing8internal11MatcherBaseIRKS_IJRKNSt7__cxx1112basic_stringIcSt11char_traitsIcESaIcEEEEEEEPKNS1_15AnythingMatcherEEEC1ISG_SJ_Lb1EEEOT_OT0_
FNDA:0,_ZSt3getILy0EJPKN7testing8internal11MatcherBaseIRKNSt7__cxx1112basic_stringIcSt11char_traitsIcESaIcEEEEEPKNS1_9EqMatcherIS8_EEEEONSt13tuple_elementIXT_ESt5tupleIJDpT0_EEE4typeEOSM_
FNDA:9,_ZNSt10_Head_baseILy0EPN7testing8internal24InternalRunDeathTestFlagELb0EEC2Ev
FNDA:15540,_ZNSt11_Tuple_implILy0EJPNSt7__cxx1118basic_stringstreamIcSt11char_traitsIcESaIcEEESt14default_deleteIS5_EEE7_M_headERKS9_
FNDA:153,_ZNSt11_Tuple_implILy0EJPKNSt7__cxx1112basic_stringIcSt11char_traitsIcESaIcEEESt14default_deleteIS6_EEE7_M_headERKSA_
FNF:288
FNH:134
DA:93,782
DA:94,782
DA:137,626
DA:202,782
DA:203,782
DA:205,22
DA:206,22
DA:208,28
DA:212,14
DA:213,28
DA:246,1427
DA:249,15745
DA:291,1417
DA:294,15713
DA:302,782
DA:303,782
DA:313,0
DA:315,0
DA:316,0
DA:554,636
DA:557,32
DA:560,782
DA:561,782
DA:564,22
DA:565,22
DA:566,22
DA:570,14
DA:571,28
DA:572,14
DA:574,28
DA:584,10
DA:586,10
DA:587,10
DA:1473,22
DA:1475,22
DA:1488,14
DA:1490,28
DA:1491,14
DA:1502,28
DA:1504,10
DA:2090,782
DA:2092,782
DA:2118,0
DA:2120,0
DA:2121,0
DA:2428,2053
DA:2429,2053
DA:2433,15745
DA:2434,15745
DA:2444,2053
DA:2445,2053
DA:2450,15745
DA:2451,15745
DA:2456,0
DA:2459,0
DA:2668,14
DA:2672,14
DA:2680,0
DA:2681,0
DA:2871,10
DA:2876,10
DA:2877,10
DA:2883,10
DA:2886,10
DA:2887,10
DA:2888,10
LF:66
LH:56
end_of_record
TN:
SF:C:\mingw64\include\c++\15.2.0\typeinfo
FN:104,_ZNKSt9type_info4nameEv
FNDA:0,_ZNKSt9type_info4nameEv
FNF:1
FNH:0
DA:104,0
DA:105,0
LF:2
LH:0
end_of_record
TN:
SF:C:\mingw64\include\c++\15.2.0\x86_64-w64-mingw32\bits\c++config.h
FNF:0
FNH:0
DA:589,3581
LF:1
LH:1
end_of_record
TN:
SF:C:\mingw64\include\c++\15.2.0\x86_64-w64-mingw32\bits\gthr-default.h
FNF:0
FNH:0
DA:348,66
DA:778,2
DA:779,2
DA:780,2
DA:785,0
DA:786,0
DA:788,0
DA:794,4
DA:795,4
DA:797,0
DA:824,4
DA:825,4
DA:827,0
LF:13
LH:8
end_of_record
TN:
SF:C:\mingw64\x86_64-w64-mingw32\include\psdk_inc\intrin-impl.h
FNF:0
FNH:0
DA:1683,664
LF:1
LH:1
end_of_record
